[ 2017-11-13T00:03:13+08:00 ] 127.0.0.1 /index.php
INFO: [ app_init ] --START--
INFO: Run Behavior\BuildLiteBehavior [ RunTime:0.000015s ]
INFO: [ app_init ] --END-- [ RunTime:0.000851s ]
INFO: [ app_begin ] --START--
INFO: Run Behavior\ReadHtmlCacheBehavior [ RunTime:0.001570s ]
INFO: [ app_begin ] --END-- [ RunTime:0.001731s ]
NOTIC: [4096] Argument 1 passed to wechat\Wx::__construct() must be of the type array, none given, called in D:\www\weixin-project.com\Application\Home\Controller\IndexController.class.php on line 11 and defined D:\www\weixin-project.com\ThinkPHP\Library\Vendor\wechat\Wx.php 第 15 行.
NOTIC: [8] Undefined variable: config D:\www\weixin-project.com\ThinkPHP\Library\Vendor\wechat\Wx.php 第 17 行.
INFO: [ app_end ] --START--
INFO: Run Behavior\ShowPageTraceBehavior [ RunTime:0.002209s ]
INFO: [ app_end ] --END-- [ RunTime:0.002589s ]

[ 2017-11-13T13:02:04+08:00 ] 127.0.0.1 /index.php
INFO: [ app_init ] --START--
INFO: Run Behavior\BuildLiteBehavior [ RunTime:0.000015s ]
INFO: [ app_init ] --END-- [ RunTime:0.001320s ]
INFO: [ app_begin ] --START--
INFO: Run Behavior\ReadHtmlCacheBehavior [ RunTime:0.001550s ]
INFO: [ app_begin ] --END-- [ RunTime:0.001697s ]
NOTIC: [4096] Argument 1 passed to wechat\Wx::__construct() must be of the type array, none given, called in D:\www\weixin-project.com\Application\Home\Controller\IndexController.class.php on line 11 and defined D:\www\weixin-project.com\ThinkPHP\Library\Vendor\wechat\Wx.php 第 15 行.
NOTIC: [8] Undefined variable: config D:\www\weixin-project.com\ThinkPHP\Library\Vendor\wechat\Wx.php 第 17 行.
INFO: [ app_end ] --START--
INFO: Run Behavior\ShowPageTraceBehavior [ RunTime:0.001271s ]
INFO: [ app_end ] --END-- [ RunTime:0.001327s ]

[ 2017-11-13T13:02:05+08:00 ] 127.0.0.1 /index.php
INFO: [ app_init ] --START--
INFO: Run Behavior\BuildLiteBehavior [ RunTime:0.000011s ]
INFO: [ app_init ] --END-- [ RunTime:0.000406s ]
INFO: [ app_begin ] --START--
INFO: Run Behavior\ReadHtmlCacheBehavior [ RunTime:0.000499s ]
INFO: [ app_begin ] --END-- [ RunTime:0.000538s ]
NOTIC: [4096] Argument 1 passed to wechat\Wx::__construct() must be of the type array, none given, called in D:\www\weixin-project.com\Application\Home\Controller\IndexController.class.php on line 11 and defined D:\www\weixin-project.com\ThinkPHP\Library\Vendor\wechat\Wx.php 第 15 行.
NOTIC: [8] Undefined variable: config D:\www\weixin-project.com\ThinkPHP\Library\Vendor\wechat\Wx.php 第 17 行.
INFO: [ app_end ] --START--
INFO: Run Behavior\ShowPageTraceBehavior [ RunTime:0.001003s ]
INFO: [ app_end ] --END-- [ RunTime:0.001059s ]

[ 2017-11-13T13:02:06+08:00 ] 127.0.0.1 /index.php
INFO: [ app_init ] --START--
INFO: Run Behavior\BuildLiteBehavior [ RunTime:0.000011s ]
INFO: [ app_init ] --END-- [ RunTime:0.000367s ]
INFO: [ app_begin ] --START--
INFO: Run Behavior\ReadHtmlCacheBehavior [ RunTime:0.000439s ]
INFO: [ app_begin ] --END-- [ RunTime:0.000477s ]
NOTIC: [4096] Argument 1 passed to wechat\Wx::__construct() must be of the type array, none given, called in D:\www\weixin-project.com\Application\Home\Controller\IndexController.class.php on line 11 and defined D:\www\weixin-project.com\ThinkPHP\Library\Vendor\wechat\Wx.php 第 15 行.
NOTIC: [8] Undefined variable: config D:\www\weixin-project.com\ThinkPHP\Library\Vendor\wechat\Wx.php 第 17 行.
INFO: [ app_end ] --START--
INFO: Run Behavior\ShowPageTraceBehavior [ RunTime:0.000531s ]
INFO: [ app_end ] --END-- [ RunTime:0.000585s ]

[ 2017-11-13T13:02:06+08:00 ] 127.0.0.1 /index.php
INFO: [ app_init ] --START--
INFO: Run Behavior\BuildLiteBehavior [ RunTime:0.000016s ]
INFO: [ app_init ] --END-- [ RunTime:0.000670s ]
INFO: [ app_begin ] --START--
INFO: Run Behavior\ReadHtmlCacheBehavior [ RunTime:0.000715s ]
INFO: [ app_begin ] --END-- [ RunTime:0.000775s ]
NOTIC: [4096] Argument 1 passed to wechat\Wx::__construct() must be of the type array, none given, called in D:\www\weixin-project.com\Application\Home\Controller\IndexController.class.php on line 11 and defined D:\www\weixin-project.com\ThinkPHP\Library\Vendor\wechat\Wx.php 第 15 行.
NOTIC: [8] Undefined variable: config D:\www\weixin-project.com\ThinkPHP\Library\Vendor\wechat\Wx.php 第 17 行.
INFO: [ app_end ] --START--
INFO: Run Behavior\ShowPageTraceBehavior [ RunTime:0.000478s ]
INFO: [ app_end ] --END-- [ RunTime:0.000518s ]

[ 2017-11-13T13:02:06+08:00 ] 127.0.0.1 /index.php
INFO: [ app_init ] --START--
INFO: Run Behavior\BuildLiteBehavior [ RunTime:0.000012s ]
INFO: [ app_init ] --END-- [ RunTime:0.000412s ]
INFO: [ app_begin ] --START--
INFO: Run Behavior\ReadHtmlCacheBehavior [ RunTime:0.000514s ]
INFO: [ app_begin ] --END-- [ RunTime:0.000563s ]
NOTIC: [4096] Argument 1 passed to wechat\Wx::__construct() must be of the type array, none given, called in D:\www\weixin-project.com\Application\Home\Controller\IndexController.class.php on line 11 and defined D:\www\weixin-project.com\ThinkPHP\Library\Vendor\wechat\Wx.php 第 15 行.
NOTIC: [8] Undefined variable: config D:\www\weixin-project.com\ThinkPHP\Library\Vendor\wechat\Wx.php 第 17 行.
INFO: [ app_end ] --START--
INFO: Run Behavior\ShowPageTraceBehavior [ RunTime:0.000863s ]
INFO: [ app_end ] --END-- [ RunTime:0.000909s ]

[ 2017-11-13T13:02:06+08:00 ] 127.0.0.1 /index.php
INFO: [ app_init ] --START--
INFO: Run Behavior\BuildLiteBehavior [ RunTime:0.000015s ]
INFO: [ app_init ] --END-- [ RunTime:0.000528s ]
INFO: [ app_begin ] --START--
INFO: Run Behavior\ReadHtmlCacheBehavior [ RunTime:0.000901s ]
INFO: [ app_begin ] --END-- [ RunTime:0.001011s ]
NOTIC: [4096] Argument 1 passed to wechat\Wx::__construct() must be of the type array, none given, called in D:\www\weixin-project.com\Application\Home\Controller\IndexController.class.php on line 11 and defined D:\www\weixin-project.com\ThinkPHP\Library\Vendor\wechat\Wx.php 第 15 行.
NOTIC: [8] Undefined variable: config D:\www\weixin-project.com\ThinkPHP\Library\Vendor\wechat\Wx.php 第 17 行.
INFO: [ app_end ] --START--
INFO: Run Behavior\ShowPageTraceBehavior [ RunTime:0.000562s ]
INFO: [ app_end ] --END-- [ RunTime:0.000609s ]

[ 2017-11-13T13:02:07+08:00 ] 127.0.0.1 /index.php
INFO: [ app_init ] --START--
INFO: Run Behavior\BuildLiteBehavior [ RunTime:0.000015s ]
INFO: [ app_init ] --END-- [ RunTime:0.000531s ]
INFO: [ app_begin ] --START--
INFO: Run Behavior\ReadHtmlCacheBehavior [ RunTime:0.000603s ]
INFO: [ app_begin ] --END-- [ RunTime:0.000657s ]
NOTIC: [4096] Argument 1 passed to wechat\Wx::__construct() must be of the type array, none given, called in D:\www\weixin-project.com\Application\Home\Controller\IndexController.class.php on line 11 and defined D:\www\weixin-project.com\ThinkPHP\Library\Vendor\wechat\Wx.php 第 15 行.
NOTIC: [8] Undefined variable: config D:\www\weixin-project.com\ThinkPHP\Library\Vendor\wechat\Wx.php 第 17 行.
INFO: [ app_end ] --START--
INFO: Run Behavior\ShowPageTraceBehavior [ RunTime:0.000469s ]
INFO: [ app_end ] --END-- [ RunTime:0.000509s ]

[ 2017-11-13T13:45:31+08:00 ] 127.0.0.1 /index.php
INFO: [ app_init ] --START--
INFO: Run Behavior\BuildLiteBehavior [ RunTime:0.000012s ]
INFO: [ app_init ] --END-- [ RunTime:0.000480s ]
INFO: [ app_begin ] --START--
INFO: Run Behavior\ReadHtmlCacheBehavior [ RunTime:0.000644s ]
INFO: [ app_begin ] --END-- [ RunTime:0.000774s ]
NOTIC: [8] Undefined index: appID D:\www\weixin-project.com\ThinkPHP\Library\Vendor\wechat\Wx.php 第 27 行.
NOTIC: [8] Undefined index: appsecret D:\www\weixin-project.com\ThinkPHP\Library\Vendor\wechat\Wx.php 第 27 行.
NOTIC: [8] Array to string conversion D:\www\weixin-project.com\ThinkPHP\Library\Vendor\wechat\Wx.php 第 32 行.
NOTIC: [8] Use of undefined constant CURL_URL - assumed 'CURL_URL' D:\www\weixin-project.com\ThinkPHP\Library\Vendor\wechat\Wx.php 第 78 行.
NOTIC: [2] curl_setopt() expects parameter 2 to be long, string given D:\www\weixin-project.com\ThinkPHP\Library\Vendor\wechat\Wx.php 第 78 行.
INFO: [ app_end ] --START--
INFO: Run Behavior\ShowPageTraceBehavior [ RunTime:0.001023s ]
INFO: [ app_end ] --END-- [ RunTime:0.001103s ]

[ 2017-11-13T13:45:31+08:00 ] 127.0.0.1 /index.php
INFO: [ app_init ] --START--
INFO: Run Behavior\BuildLiteBehavior [ RunTime:0.000019s ]
INFO: [ app_init ] --END-- [ RunTime:0.000889s ]
INFO: [ app_begin ] --START--
INFO: Run Behavior\ReadHtmlCacheBehavior [ RunTime:0.001052s ]
INFO: [ app_begin ] --END-- [ RunTime:0.001134s ]
NOTIC: [8] Undefined index: appID D:\www\weixin-project.com\ThinkPHP\Library\Vendor\wechat\Wx.php 第 27 行.
NOTIC: [8] Undefined index: appsecret D:\www\weixin-project.com\ThinkPHP\Library\Vendor\wechat\Wx.php 第 27 行.
INFO: [ app_end ] --START--
INFO: Run Behavior\ShowPageTraceBehavior [ RunTime:0.000718s ]
INFO: [ app_end ] --END-- [ RunTime:0.000832s ]

[ 2017-11-13T13:45:48+08:00 ] 127.0.0.1 /index.php
INFO: [ app_init ] --START--
INFO: Run Behavior\BuildLiteBehavior [ RunTime:0.000022s ]
INFO: [ app_init ] --END-- [ RunTime:0.000751s ]
INFO: [ app_begin ] --START--
INFO: Run Behavior\ReadHtmlCacheBehavior [ RunTime:0.000590s ]
INFO: [ app_begin ] --END-- [ RunTime:0.000630s ]
NOTIC: [8] Undefined index: appID D:\www\weixin-project.com\ThinkPHP\Library\Vendor\wechat\Wx.php 第 27 行.
NOTIC: [8] Undefined index: appsecret D:\www\weixin-project.com\ThinkPHP\Library\Vendor\wechat\Wx.php 第 27 行.
INFO: [ app_end ] --START--
INFO: Run Behavior\ShowPageTraceBehavior [ RunTime:0.000654s ]
INFO: [ app_end ] --END-- [ RunTime:0.000701s ]

[ 2017-11-13T13:45:49+08:00 ] 127.0.0.1 /index.php
INFO: [ app_init ] --START--
INFO: Run Behavior\BuildLiteBehavior [ RunTime:0.000011s ]
INFO: [ app_init ] --END-- [ RunTime:0.000597s ]
INFO: [ app_begin ] --START--
INFO: Run Behavior\ReadHtmlCacheBehavior [ RunTime:0.000576s ]
INFO: [ app_begin ] --END-- [ RunTime:0.000623s ]
NOTIC: [8] Undefined index: appID D:\www\weixin-project.com\ThinkPHP\Library\Vendor\wechat\Wx.php 第 27 行.
NOTIC: [8] Undefined index: appsecret D:\www\weixin-project.com\ThinkPHP\Library\Vendor\wechat\Wx.php 第 27 行.
INFO: [ app_end ] --START--
INFO: Run Behavior\ShowPageTraceBehavior [ RunTime:0.000609s ]
INFO: [ app_end ] --END-- [ RunTime:0.000657s ]

[ 2017-11-13T13:45:49+08:00 ] 127.0.0.1 /index.php
INFO: [ app_init ] --START--
INFO: Run Behavior\BuildLiteBehavior [ RunTime:0.000012s ]
INFO: [ app_init ] --END-- [ RunTime:0.000379s ]
INFO: [ app_begin ] --START--
INFO: Run Behavior\ReadHtmlCacheBehavior [ RunTime:0.000446s ]
INFO: [ app_begin ] --END-- [ RunTime:0.000486s ]
NOTIC: [8] Undefined index: appID D:\www\weixin-project.com\ThinkPHP\Library\Vendor\wechat\Wx.php 第 27 行.
NOTIC: [8] Undefined index: appsecret D:\www\weixin-project.com\ThinkPHP\Library\Vendor\wechat\Wx.php 第 27 行.
INFO: [ app_end ] --START--
INFO: Run Behavior\ShowPageTraceBehavior [ RunTime:0.000695s ]
INFO: [ app_end ] --END-- [ RunTime:0.000764s ]

[ 2017-11-13T13:45:50+08:00 ] 127.0.0.1 /index.php
INFO: [ app_init ] --START--
INFO: Run Behavior\BuildLiteBehavior [ RunTime:0.000012s ]
INFO: [ app_init ] --END-- [ RunTime:0.000368s ]
INFO: [ app_begin ] --START--
INFO: Run Behavior\ReadHtmlCacheBehavior [ RunTime:0.000446s ]
INFO: [ app_begin ] --END-- [ RunTime:0.000485s ]
NOTIC: [8] Undefined index: appID D:\www\weixin-project.com\ThinkPHP\Library\Vendor\wechat\Wx.php 第 27 行.
NOTIC: [8] Undefined index: appsecret D:\www\weixin-project.com\ThinkPHP\Library\Vendor\wechat\Wx.php 第 27 行.
INFO: [ app_end ] --START--
INFO: Run Behavior\ShowPageTraceBehavior [ RunTime:0.000463s ]
INFO: [ app_end ] --END-- [ RunTime:0.000512s ]

[ 2017-11-13T13:45:50+08:00 ] 127.0.0.1 /index.php
INFO: [ app_init ] --START--
INFO: Run Behavior\BuildLiteBehavior [ RunTime:0.000017s ]
INFO: [ app_init ] --END-- [ RunTime:0.000523s ]
INFO: [ app_begin ] --START--
INFO: Run Behavior\ReadHtmlCacheBehavior [ RunTime:0.000721s ]
INFO: [ app_begin ] --END-- [ RunTime:0.000832s ]
NOTIC: [8] Undefined index: appID D:\www\weixin-project.com\ThinkPHP\Library\Vendor\wechat\Wx.php 第 27 行.
NOTIC: [8] Undefined index: appsecret D:\www\weixin-project.com\ThinkPHP\Library\Vendor\wechat\Wx.php 第 27 行.
INFO: [ app_end ] --START--
INFO: Run Behavior\ShowPageTraceBehavior [ RunTime:0.000736s ]
INFO: [ app_end ] --END-- [ RunTime:0.000798s ]

[ 2017-11-13T13:47:07+08:00 ] 127.0.0.1 /index.php
INFO: [ app_init ] --START--
INFO: Run Behavior\BuildLiteBehavior [ RunTime:0.000013s ]
INFO: [ app_init ] --END-- [ RunTime:0.000549s ]
INFO: [ app_begin ] --START--
INFO: Run Behavior\ReadHtmlCacheBehavior [ RunTime:0.000569s ]
INFO: [ app_begin ] --END-- [ RunTime:0.000609s ]
NOTIC: [8] Array to string conversion D:\www\weixin-project.com\ThinkPHP\Library\Vendor\wechat\Wx.php 第 32 行.
NOTIC: [8] Use of undefined constant CURL_URL - assumed 'CURL_URL' D:\www\weixin-project.com\ThinkPHP\Library\Vendor\wechat\Wx.php 第 78 行.
NOTIC: [2] curl_setopt() expects parameter 2 to be long, string given D:\www\weixin-project.com\ThinkPHP\Library\Vendor\wechat\Wx.php 第 78 行.
INFO: [ app_end ] --START--
INFO: Run Behavior\ShowPageTraceBehavior [ RunTime:0.000728s ]
INFO: [ app_end ] --END-- [ RunTime:0.000803s ]

[ 2017-11-13T13:47:08+08:00 ] 127.0.0.1 /index.php
INFO: [ app_init ] --START--
INFO: Run Behavior\BuildLiteBehavior [ RunTime:0.000015s ]
INFO: [ app_init ] --END-- [ RunTime:0.000480s ]
INFO: [ app_begin ] --START--
INFO: Run Behavior\ReadHtmlCacheBehavior [ RunTime:0.000861s ]
INFO: [ app_begin ] --END-- [ RunTime:0.000929s ]
INFO: [ app_end ] --START--
INFO: Run Behavior\ShowPageTraceBehavior [ RunTime:0.000646s ]
INFO: [ app_end ] --END-- [ RunTime:0.000724s ]

[ 2017-11-13T13:47:09+08:00 ] 127.0.0.1 /index.php
INFO: [ app_init ] --START--
INFO: Run Behavior\BuildLiteBehavior [ RunTime:0.000030s ]
INFO: [ app_init ] --END-- [ RunTime:0.000404s ]
INFO: [ app_begin ] --START--
INFO: Run Behavior\ReadHtmlCacheBehavior [ RunTime:0.000468s ]
INFO: [ app_begin ] --END-- [ RunTime:0.000507s ]
INFO: [ app_end ] --START--
INFO: Run Behavior\ShowPageTraceBehavior [ RunTime:0.000534s ]
INFO: [ app_end ] --END-- [ RunTime:0.000586s ]

[ 2017-11-13T13:47:09+08:00 ] 127.0.0.1 /index.php
INFO: [ app_init ] --START--
INFO: Run Behavior\BuildLiteBehavior [ RunTime:0.000020s ]
INFO: [ app_init ] --END-- [ RunTime:0.000385s ]
INFO: [ app_begin ] --START--
INFO: Run Behavior\ReadHtmlCacheBehavior [ RunTime:0.000824s ]
INFO: [ app_begin ] --END-- [ RunTime:0.000950s ]
INFO: [ app_end ] --START--
INFO: Run Behavior\ShowPageTraceBehavior [ RunTime:0.000682s ]
INFO: [ app_end ] --END-- [ RunTime:0.000748s ]

[ 2017-11-13T13:47:09+08:00 ] 127.0.0.1 /index.php
INFO: [ app_init ] --START--
INFO: Run Behavior\BuildLiteBehavior [ RunTime:0.000016s ]
INFO: [ app_init ] --END-- [ RunTime:0.000434s ]
INFO: [ app_begin ] --START--
INFO: Run Behavior\ReadHtmlCacheBehavior [ RunTime:0.000479s ]
INFO: [ app_begin ] --END-- [ RunTime:0.000522s ]
INFO: [ app_end ] --START--
INFO: Run Behavior\ShowPageTraceBehavior [ RunTime:0.000747s ]
INFO: [ app_end ] --END-- [ RunTime:0.000816s ]

[ 2017-11-13T13:47:10+08:00 ] 127.0.0.1 /index.php
INFO: [ app_init ] --START--
INFO: Run Behavior\BuildLiteBehavior [ RunTime:0.000031s ]
INFO: [ app_init ] --END-- [ RunTime:0.000461s ]
INFO: [ app_begin ] --START--
INFO: Run Behavior\ReadHtmlCacheBehavior [ RunTime:0.000685s ]
INFO: [ app_begin ] --END-- [ RunTime:0.000743s ]
INFO: [ app_end ] --START--
INFO: Run Behavior\ShowPageTraceBehavior [ RunTime:0.000500s ]
INFO: [ app_end ] --END-- [ RunTime:0.000553s ]

[ 2017-11-13T13:47:11+08:00 ] 127.0.0.1 /index.php
INFO: [ app_init ] --START--
INFO: Run Behavior\BuildLiteBehavior [ RunTime:0.000011s ]
INFO: [ app_init ] --END-- [ RunTime:0.000388s ]
INFO: [ app_begin ] --START--
INFO: Run Behavior\ReadHtmlCacheBehavior [ RunTime:0.000456s ]
INFO: [ app_begin ] --END-- [ RunTime:0.000497s ]
INFO: [ app_end ] --START--
INFO: Run Behavior\ShowPageTraceBehavior [ RunTime:0.000555s ]
INFO: [ app_end ] --END-- [ RunTime:0.000616s ]

[ 2017-11-13T13:51:02+08:00 ] 127.0.0.1 /index.php
INFO: [ app_init ] --START--
INFO: Run Behavior\BuildLiteBehavior [ RunTime:0.000013s ]
INFO: [ app_init ] --END-- [ RunTime:0.000666s ]
INFO: [ app_begin ] --START--
INFO: Run Behavior\ReadHtmlCacheBehavior [ RunTime:0.000766s ]
INFO: [ app_begin ] --END-- [ RunTime:0.000852s ]
NOTIC: [8] Use of undefined constant CURL_URL - assumed 'CURL_URL' D:\www\weixin-project.com\ThinkPHP\Library\Vendor\wechat\Wx.php 第 78 行.
NOTIC: [2] curl_setopt() expects parameter 2 to be long, string given D:\www\weixin-project.com\ThinkPHP\Library\Vendor\wechat\Wx.php 第 78 行.
INFO: [ app_end ] --START--
INFO: Run Behavior\ShowPageTraceBehavior [ RunTime:0.000793s ]
INFO: [ app_end ] --END-- [ RunTime:0.000861s ]

[ 2017-11-13T13:51:03+08:00 ] 127.0.0.1 /index.php
INFO: [ app_init ] --START--
INFO: Run Behavior\BuildLiteBehavior [ RunTime:0.000012s ]
INFO: [ app_init ] --END-- [ RunTime:0.000484s ]
INFO: [ app_begin ] --START--
INFO: Run Behavior\ReadHtmlCacheBehavior [ RunTime:0.000633s ]
INFO: [ app_begin ] --END-- [ RunTime:0.000694s ]
INFO: [ app_end ] --START--
INFO: Run Behavior\ShowPageTraceBehavior [ RunTime:0.000662s ]
INFO: [ app_end ] --END-- [ RunTime:0.000717s ]

[ 2017-11-13T13:51:03+08:00 ] 127.0.0.1 /index.php
INFO: [ app_init ] --START--
INFO: Run Behavior\BuildLiteBehavior [ RunTime:0.000011s ]
INFO: [ app_init ] --END-- [ RunTime:0.000416s ]
INFO: [ app_begin ] --START--
INFO: Run Behavior\ReadHtmlCacheBehavior [ RunTime:0.000520s ]
INFO: [ app_begin ] --END-- [ RunTime:0.000559s ]
INFO: [ app_end ] --START--
INFO: Run Behavior\ShowPageTraceBehavior [ RunTime:0.000500s ]
INFO: [ app_end ] --END-- [ RunTime:0.000556s ]

[ 2017-11-13T13:51:03+08:00 ] 127.0.0.1 /index.php
INFO: [ app_init ] --START--
INFO: Run Behavior\BuildLiteBehavior [ RunTime:0.000021s ]
INFO: [ app_init ] --END-- [ RunTime:0.000698s ]
INFO: [ app_begin ] --START--
INFO: Run Behavior\ReadHtmlCacheBehavior [ RunTime:0.000560s ]
INFO: [ app_begin ] --END-- [ RunTime:0.000610s ]
INFO: [ app_end ] --START--
INFO: Run Behavior\ShowPageTraceBehavior [ RunTime:0.000709s ]
INFO: [ app_end ] --END-- [ RunTime:0.000809s ]

[ 2017-11-13T13:52:39+08:00 ] 127.0.0.1 /index.php
INFO: [ app_init ] --START--
INFO: Run Behavior\BuildLiteBehavior [ RunTime:0.000012s ]
INFO: [ app_init ] --END-- [ RunTime:0.000624s ]
INFO: [ app_begin ] --START--
INFO: Run Behavior\ReadHtmlCacheBehavior [ RunTime:0.000738s ]
INFO: [ app_begin ] --END-- [ RunTime:0.000783s ]
NOTIC: [8] Use of undefined constant CURL_URL - assumed 'CURL_URL' D:\www\weixin-project.com\ThinkPHP\Library\Vendor\wechat\Wx.php 第 79 行.
NOTIC: [2] curl_setopt() expects parameter 2 to be long, string given D:\www\weixin-project.com\ThinkPHP\Library\Vendor\wechat\Wx.php 第 79 行.
INFO: [ app_end ] --START--
INFO: Run Behavior\ShowPageTraceBehavior [ RunTime:0.000864s ]
INFO: [ app_end ] --END-- [ RunTime:0.000970s ]

[ 2017-11-13T14:00:46+08:00 ] 127.0.0.1 /index.php
INFO: [ app_init ] --START--
INFO: Run Behavior\BuildLiteBehavior [ RunTime:0.000011s ]
INFO: [ app_init ] --END-- [ RunTime:0.000426s ]
INFO: [ app_begin ] --START--
INFO: Run Behavior\ReadHtmlCacheBehavior [ RunTime:0.000922s ]
INFO: [ app_begin ] --END-- [ RunTime:0.001042s ]
NOTIC: [8] Use of undefined constant CURL_URL - assumed 'CURL_URL' D:\www\weixin-project.com\ThinkPHP\Library\Vendor\wechat\Wx.php 第 79 行.
NOTIC: [2] curl_setopt() expects parameter 2 to be long, string given D:\www\weixin-project.com\ThinkPHP\Library\Vendor\wechat\Wx.php 第 79 行.
INFO: [ app_end ] --START--
INFO: Run Behavior\ShowPageTraceBehavior [ RunTime:0.000806s ]
INFO: [ app_end ] --END-- [ RunTime:0.000872s ]

[ 2017-11-13T14:00:47+08:00 ] 127.0.0.1 /index.php
INFO: [ app_init ] --START--
INFO: Run Behavior\BuildLiteBehavior [ RunTime:0.000011s ]
INFO: [ app_init ] --END-- [ RunTime:0.000536s ]
INFO: [ app_begin ] --START--
INFO: Run Behavior\ReadHtmlCacheBehavior [ RunTime:0.000605s ]
INFO: [ app_begin ] --END-- [ RunTime:0.000646s ]
NOTIC: [8] Use of undefined constant CURL_URL - assumed 'CURL_URL' D:\www\weixin-project.com\ThinkPHP\Library\Vendor\wechat\Wx.php 第 79 行.
NOTIC: [2] curl_setopt() expects parameter 2 to be long, string given D:\www\weixin-project.com\ThinkPHP\Library\Vendor\wechat\Wx.php 第 79 行.
INFO: [ app_end ] --START--
INFO: Run Behavior\ShowPageTraceBehavior [ RunTime:0.001121s ]
INFO: [ app_end ] --END-- [ RunTime:0.001222s ]

[ 2017-11-13T14:00:48+08:00 ] 127.0.0.1 /index.php
INFO: [ app_init ] --START--
INFO: Run Behavior\BuildLiteBehavior [ RunTime:0.000013s ]
INFO: [ app_init ] --END-- [ RunTime:0.000689s ]
INFO: [ app_begin ] --START--
INFO: Run Behavior\ReadHtmlCacheBehavior [ RunTime:0.000681s ]
INFO: [ app_begin ] --END-- [ RunTime:0.000750s ]
NOTIC: [8] Use of undefined constant CURL_URL - assumed 'CURL_URL' D:\www\weixin-project.com\ThinkPHP\Library\Vendor\wechat\Wx.php 第 79 行.
NOTIC: [2] curl_setopt() expects parameter 2 to be long, string given D:\www\weixin-project.com\ThinkPHP\Library\Vendor\wechat\Wx.php 第 79 行.
INFO: [ app_end ] --START--
INFO: Run Behavior\ShowPageTraceBehavior [ RunTime:0.000620s ]
INFO: [ app_end ] --END-- [ RunTime:0.000679s ]

[ 2017-11-13T14:00:48+08:00 ] 127.0.0.1 /index.php
INFO: [ app_init ] --START--
INFO: Run Behavior\BuildLiteBehavior [ RunTime:0.000247s ]
INFO: [ app_init ] --END-- [ RunTime:0.001885s ]
INFO: [ app_begin ] --START--
INFO: Run Behavior\ReadHtmlCacheBehavior [ RunTime:0.000794s ]
INFO: [ app_begin ] --END-- [ RunTime:0.000894s ]
INFO: [ app_end ] --START--
INFO: Run Behavior\ShowPageTraceBehavior [ RunTime:0.000472s ]
INFO: [ app_end ] --END-- [ RunTime:0.000524s ]

[ 2017-11-13T14:01:29+08:00 ] 127.0.0.1 /index.php
INFO: [ app_init ] --START--
INFO: Run Behavior\BuildLiteBehavior [ RunTime:0.000013s ]
INFO: [ app_init ] --END-- [ RunTime:0.000729s ]
INFO: [ app_begin ] --START--
INFO: Run Behavior\ReadHtmlCacheBehavior [ RunTime:0.000892s ]
INFO: [ app_begin ] --END-- [ RunTime:0.001029s ]
NOTIC: [8] Use of undefined constant CURL_URL - assumed 'CURL_URL' D:\www\weixin-project.com\ThinkPHP\Library\Vendor\wechat\Wx.php 第 79 行.
NOTIC: [2] curl_setopt() expects parameter 2 to be long, string given D:\www\weixin-project.com\ThinkPHP\Library\Vendor\wechat\Wx.php 第 79 行.
INFO: [ app_end ] --START--
INFO: Run Behavior\ShowPageTraceBehavior [ RunTime:0.000954s ]
INFO: [ app_end ] --END-- [ RunTime:0.001080s ]

[ 2017-11-13T14:01:32+08:00 ] 127.0.0.1 /index.php
INFO: [ app_init ] --START--
INFO: Run Behavior\BuildLiteBehavior [ RunTime:0.000013s ]
INFO: [ app_init ] --END-- [ RunTime:0.000430s ]
INFO: [ app_begin ] --START--
INFO: Run Behavior\ReadHtmlCacheBehavior [ RunTime:0.000535s ]
INFO: [ app_begin ] --END-- [ RunTime:0.000589s ]
NOTIC: [8] Use of undefined constant CURL_URL - assumed 'CURL_URL' D:\www\weixin-project.com\ThinkPHP\Library\Vendor\wechat\Wx.php 第 79 行.
NOTIC: [2] curl_setopt() expects parameter 2 to be long, string given D:\www\weixin-project.com\ThinkPHP\Library\Vendor\wechat\Wx.php 第 79 行.
INFO: [ app_end ] --START--
INFO: Run Behavior\ShowPageTraceBehavior [ RunTime:0.000654s ]
INFO: [ app_end ] --END-- [ RunTime:0.000727s ]

[ 2017-11-13T14:02:46+08:00 ] 127.0.0.1 /index.php
INFO: [ app_init ] --START--
INFO: Run Behavior\BuildLiteBehavior [ RunTime:0.000014s ]
INFO: [ app_init ] --END-- [ RunTime:0.000563s ]
INFO: [ app_begin ] --START--
INFO: Run Behavior\ReadHtmlCacheBehavior [ RunTime:0.000602s ]
INFO: [ app_begin ] --END-- [ RunTime:0.000677s ]
NOTIC: [8] Undefined variable: url D:\www\weixin-project.com\ThinkPHP\Library\Vendor\wechat\Wx.php 第 35 行.
NOTIC: [8] Use of undefined constant CURL_URL - assumed 'CURL_URL' D:\www\weixin-project.com\ThinkPHP\Library\Vendor\wechat\Wx.php 第 80 行.
NOTIC: [2] curl_setopt() expects parameter 2 to be long, string given D:\www\weixin-project.com\ThinkPHP\Library\Vendor\wechat\Wx.php 第 80 行.
INFO: [ app_end ] --START--
INFO: Run Behavior\ShowPageTraceBehavior [ RunTime:0.000831s ]
INFO: [ app_end ] --END-- [ RunTime:0.000946s ]

[ 2017-11-13T14:02:48+08:00 ] 127.0.0.1 /index.php
INFO: [ app_init ] --START--
INFO: Run Behavior\BuildLiteBehavior [ RunTime:0.000012s ]
INFO: [ app_init ] --END-- [ RunTime:0.000532s ]
INFO: [ app_begin ] --START--
INFO: Run Behavior\ReadHtmlCacheBehavior [ RunTime:0.000637s ]
INFO: [ app_begin ] --END-- [ RunTime:0.000693s ]
NOTIC: [8] Undefined variable: url D:\www\weixin-project.com\ThinkPHP\Library\Vendor\wechat\Wx.php 第 35 行.
NOTIC: [8] Use of undefined constant CURL_URL - assumed 'CURL_URL' D:\www\weixin-project.com\ThinkPHP\Library\Vendor\wechat\Wx.php 第 80 行.
NOTIC: [2] curl_setopt() expects parameter 2 to be long, string given D:\www\weixin-project.com\ThinkPHP\Library\Vendor\wechat\Wx.php 第 80 行.
INFO: [ app_end ] --START--
INFO: Run Behavior\ShowPageTraceBehavior [ RunTime:0.000763s ]
INFO: [ app_end ] --END-- [ RunTime:0.000828s ]

[ 2017-11-13T14:02:48+08:00 ] 127.0.0.1 /index.php
INFO: [ app_init ] --START--
INFO: Run Behavior\BuildLiteBehavior [ RunTime:0.000013s ]
INFO: [ app_init ] --END-- [ RunTime:0.000385s ]
INFO: [ app_begin ] --START--
INFO: Run Behavior\ReadHtmlCacheBehavior [ RunTime:0.000494s ]
INFO: [ app_begin ] --END-- [ RunTime:0.000535s ]
INFO: [ app_end ] --START--
INFO: Run Behavior\ShowPageTraceBehavior [ RunTime:0.000733s ]
INFO: [ app_end ] --END-- [ RunTime:0.000814s ]

[ 2017-11-13T14:02:48+08:00 ] 127.0.0.1 /index.php
INFO: [ app_init ] --START--
INFO: Run Behavior\BuildLiteBehavior [ RunTime:0.000019s ]
INFO: [ app_init ] --END-- [ RunTime:0.000921s ]
INFO: [ app_begin ] --START--
INFO: Run Behavior\ReadHtmlCacheBehavior [ RunTime:0.000528s ]
INFO: [ app_begin ] --END-- [ RunTime:0.000576s ]
INFO: [ app_end ] --START--
INFO: Run Behavior\ShowPageTraceBehavior [ RunTime:0.000457s ]
INFO: [ app_end ] --END-- [ RunTime:0.000509s ]

[ 2017-11-13T14:02:49+08:00 ] 127.0.0.1 /index.php
INFO: [ app_init ] --START--
INFO: Run Behavior\BuildLiteBehavior [ RunTime:0.000012s ]
INFO: [ app_init ] --END-- [ RunTime:0.000372s ]
INFO: [ app_begin ] --START--
INFO: Run Behavior\ReadHtmlCacheBehavior [ RunTime:0.000447s ]
INFO: [ app_begin ] --END-- [ RunTime:0.000489s ]
NOTIC: [8] Undefined variable: url D:\www\weixin-project.com\ThinkPHP\Library\Vendor\wechat\Wx.php 第 35 行.
NOTIC: [8] Use of undefined constant CURL_URL - assumed 'CURL_URL' D:\www\weixin-project.com\ThinkPHP\Library\Vendor\wechat\Wx.php 第 80 行.
NOTIC: [2] curl_setopt() expects parameter 2 to be long, string given D:\www\weixin-project.com\ThinkPHP\Library\Vendor\wechat\Wx.php 第 80 行.
INFO: [ app_end ] --START--
INFO: Run Behavior\ShowPageTraceBehavior [ RunTime:0.000953s ]
INFO: [ app_end ] --END-- [ RunTime:0.001015s ]

[ 2017-11-13T14:02:49+08:00 ] 127.0.0.1 /index.php
INFO: [ app_init ] --START--
INFO: Run Behavior\BuildLiteBehavior [ RunTime:0.000016s ]
INFO: [ app_init ] --END-- [ RunTime:0.000621s ]
INFO: [ app_begin ] --START--
INFO: Run Behavior\ReadHtmlCacheBehavior [ RunTime:0.000532s ]
INFO: [ app_begin ] --END-- [ RunTime:0.000592s ]
INFO: [ app_end ] --START--
INFO: Run Behavior\ShowPageTraceBehavior [ RunTime:0.000512s ]
INFO: [ app_end ] --END-- [ RunTime:0.000574s ]

[ 2017-11-13T14:02:50+08:00 ] 127.0.0.1 /index.php
INFO: [ app_init ] --START--
INFO: Run Behavior\BuildLiteBehavior [ RunTime:0.000011s ]
INFO: [ app_init ] --END-- [ RunTime:0.000372s ]
INFO: [ app_begin ] --START--
INFO: Run Behavior\ReadHtmlCacheBehavior [ RunTime:0.000451s ]
INFO: [ app_begin ] --END-- [ RunTime:0.000493s ]
NOTIC: [8] Undefined variable: url D:\www\weixin-project.com\ThinkPHP\Library\Vendor\wechat\Wx.php 第 35 行.
NOTIC: [8] Use of undefined constant CURL_URL - assumed 'CURL_URL' D:\www\weixin-project.com\ThinkPHP\Library\Vendor\wechat\Wx.php 第 80 行.
NOTIC: [2] curl_setopt() expects parameter 2 to be long, string given D:\www\weixin-project.com\ThinkPHP\Library\Vendor\wechat\Wx.php 第 80 行.
INFO: [ app_end ] --START--
INFO: Run Behavior\ShowPageTraceBehavior [ RunTime:0.000563s ]
INFO: [ app_end ] --END-- [ RunTime:0.000629s ]

[ 2017-11-13T14:02:50+08:00 ] 127.0.0.1 /index.php
INFO: [ app_init ] --START--
INFO: Run Behavior\BuildLiteBehavior [ RunTime:0.000011s ]
INFO: [ app_init ] --END-- [ RunTime:0.000510s ]
INFO: [ app_begin ] --START--
INFO: Run Behavior\ReadHtmlCacheBehavior [ RunTime:0.000463s ]
INFO: [ app_begin ] --END-- [ RunTime:0.000504s ]
INFO: [ app_end ] --START--
INFO: Run Behavior\ShowPageTraceBehavior [ RunTime:0.000472s ]
INFO: [ app_end ] --END-- [ RunTime:0.000523s ]

[ 2017-11-13T14:02:50+08:00 ] 127.0.0.1 /index.php
INFO: [ app_init ] --START--
INFO: Run Behavior\BuildLiteBehavior [ RunTime:0.000012s ]
INFO: [ app_init ] --END-- [ RunTime:0.000380s ]
INFO: [ app_begin ] --START--
INFO: Run Behavior\ReadHtmlCacheBehavior [ RunTime:0.000463s ]
INFO: [ app_begin ] --END-- [ RunTime:0.000503s ]
INFO: [ app_end ] --START--
INFO: Run Behavior\ShowPageTraceBehavior [ RunTime:0.000684s ]
INFO: [ app_end ] --END-- [ RunTime:0.000752s ]

[ 2017-11-13T14:02:51+08:00 ] 127.0.0.1 /index.php
INFO: [ app_init ] --START--
INFO: Run Behavior\BuildLiteBehavior [ RunTime:0.000012s ]
INFO: [ app_init ] --END-- [ RunTime:0.000383s ]
INFO: [ app_begin ] --START--
INFO: Run Behavior\ReadHtmlCacheBehavior [ RunTime:0.000444s ]
INFO: [ app_begin ] --END-- [ RunTime:0.000490s ]
NOTIC: [8] Undefined variable: url D:\www\weixin-project.com\ThinkPHP\Library\Vendor\wechat\Wx.php 第 35 行.
NOTIC: [8] Use of undefined constant CURL_URL - assumed 'CURL_URL' D:\www\weixin-project.com\ThinkPHP\Library\Vendor\wechat\Wx.php 第 80 行.
NOTIC: [2] curl_setopt() expects parameter 2 to be long, string given D:\www\weixin-project.com\ThinkPHP\Library\Vendor\wechat\Wx.php 第 80 行.
INFO: [ app_end ] --START--
INFO: Run Behavior\ShowPageTraceBehavior [ RunTime:0.000673s ]
INFO: [ app_end ] --END-- [ RunTime:0.000739s ]

[ 2017-11-13T14:03:05+08:00 ] 127.0.0.1 /index.php
INFO: [ app_init ] --START--
INFO: Run Behavior\BuildLiteBehavior [ RunTime:0.000012s ]
INFO: [ app_init ] --END-- [ RunTime:0.000572s ]
INFO: [ app_begin ] --START--
INFO: Run Behavior\ReadHtmlCacheBehavior [ RunTime:0.000585s ]
INFO: [ app_begin ] --END-- [ RunTime:0.000627s ]
NOTIC: [8] Use of undefined constant CURL_URL - assumed 'CURL_URL' D:\www\weixin-project.com\ThinkPHP\Library\Vendor\wechat\Wx.php 第 80 行.
NOTIC: [2] curl_setopt() expects parameter 2 to be long, string given D:\www\weixin-project.com\ThinkPHP\Library\Vendor\wechat\Wx.php 第 80 行.
INFO: [ app_end ] --START--
INFO: Run Behavior\ShowPageTraceBehavior [ RunTime:0.000725s ]
INFO: [ app_end ] --END-- [ RunTime:0.000780s ]

[ 2017-11-13T14:03:07+08:00 ] 127.0.0.1 /index.php
INFO: [ app_init ] --START--
INFO: Run Behavior\BuildLiteBehavior [ RunTime:0.000018s ]
INFO: [ app_init ] --END-- [ RunTime:0.000613s ]
INFO: [ app_begin ] --START--
INFO: Run Behavior\ReadHtmlCacheBehavior [ RunTime:0.000736s ]
INFO: [ app_begin ] --END-- [ RunTime:0.000817s ]
NOTIC: [8] Use of undefined constant CURL_URL - assumed 'CURL_URL' D:\www\weixin-project.com\ThinkPHP\Library\Vendor\wechat\Wx.php 第 80 行.
NOTIC: [2] curl_setopt() expects parameter 2 to be long, string given D:\www\weixin-project.com\ThinkPHP\Library\Vendor\wechat\Wx.php 第 80 行.
INFO: [ app_end ] --START--
INFO: Run Behavior\ShowPageTraceBehavior [ RunTime:0.000795s ]
INFO: [ app_end ] --END-- [ RunTime:0.000880s ]

[ 2017-11-13T14:03:07+08:00 ] 127.0.0.1 /index.php
INFO: [ app_init ] --START--
INFO: Run Behavior\BuildLiteBehavior [ RunTime:0.000014s ]
INFO: [ app_init ] --END-- [ RunTime:0.000422s ]
INFO: [ app_begin ] --START--
INFO: Run Behavior\ReadHtmlCacheBehavior [ RunTime:0.000710s ]
INFO: [ app_begin ] --END-- [ RunTime:0.000785s ]
INFO: [ app_end ] --START--
INFO: Run Behavior\ShowPageTraceBehavior [ RunTime:0.000504s ]
INFO: [ app_end ] --END-- [ RunTime:0.000571s ]

[ 2017-11-13T14:03:07+08:00 ] 127.0.0.1 /index.php
INFO: [ app_init ] --START--
INFO: Run Behavior\BuildLiteBehavior [ RunTime:0.000012s ]
INFO: [ app_init ] --END-- [ RunTime:0.000407s ]
INFO: [ app_begin ] --START--
INFO: Run Behavior\ReadHtmlCacheBehavior [ RunTime:0.000460s ]
INFO: [ app_begin ] --END-- [ RunTime:0.000508s ]
INFO: [ app_end ] --START--
INFO: Run Behavior\ShowPageTraceBehavior [ RunTime:0.000485s ]
INFO: [ app_end ] --END-- [ RunTime:0.000540s ]

[ 2017-11-13T14:03:07+08:00 ] 127.0.0.1 /index.php
INFO: [ app_init ] --START--
INFO: Run Behavior\BuildLiteBehavior [ RunTime:0.000013s ]
INFO: [ app_init ] --END-- [ RunTime:0.000430s ]
INFO: [ app_begin ] --START--
INFO: Run Behavior\ReadHtmlCacheBehavior [ RunTime:0.000456s ]
INFO: [ app_begin ] --END-- [ RunTime:0.000498s ]
INFO: [ app_end ] --START--
INFO: Run Behavior\ShowPageTraceBehavior [ RunTime:0.000901s ]
INFO: [ app_end ] --END-- [ RunTime:0.000996s ]

[ 2017-11-13T14:03:08+08:00 ] 127.0.0.1 /index.php
INFO: [ app_init ] --START--
INFO: Run Behavior\BuildLiteBehavior [ RunTime:0.000011s ]
INFO: [ app_init ] --END-- [ RunTime:0.000381s ]
INFO: [ app_begin ] --START--
INFO: Run Behavior\ReadHtmlCacheBehavior [ RunTime:0.000511s ]
INFO: [ app_begin ] --END-- [ RunTime:0.000566s ]
NOTIC: [8] Use of undefined constant CURL_URL - assumed 'CURL_URL' D:\www\weixin-project.com\ThinkPHP\Library\Vendor\wechat\Wx.php 第 80 行.
NOTIC: [2] curl_setopt() expects parameter 2 to be long, string given D:\www\weixin-project.com\ThinkPHP\Library\Vendor\wechat\Wx.php 第 80 行.
INFO: [ app_end ] --START--
INFO: Run Behavior\ShowPageTraceBehavior [ RunTime:0.000857s ]
INFO: [ app_end ] --END-- [ RunTime:0.000980s ]

[ 2017-11-13T14:03:08+08:00 ] 127.0.0.1 /index.php
INFO: [ app_init ] --START--
INFO: Run Behavior\BuildLiteBehavior [ RunTime:0.000012s ]
INFO: [ app_init ] --END-- [ RunTime:0.000386s ]
INFO: [ app_begin ] --START--
INFO: Run Behavior\ReadHtmlCacheBehavior [ RunTime:0.000556s ]
INFO: [ app_begin ] --END-- [ RunTime:0.000608s ]
INFO: [ app_end ] --START--
INFO: Run Behavior\ShowPageTraceBehavior [ RunTime:0.000445s ]
INFO: [ app_end ] --END-- [ RunTime:0.000494s ]

[ 2017-11-13T14:03:37+08:00 ] 127.0.0.1 /index.php
INFO: [ app_init ] --START--
INFO: Run Behavior\BuildLiteBehavior [ RunTime:0.000012s ]
INFO: [ app_init ] --END-- [ RunTime:0.000567s ]
INFO: [ app_begin ] --START--
INFO: Run Behavior\ReadHtmlCacheBehavior [ RunTime:0.000664s ]
INFO: [ app_begin ] --END-- [ RunTime:0.000705s ]
NOTIC: [8] Use of undefined constant CURL_URL - assumed 'CURL_URL' D:\www\weixin-project.com\ThinkPHP\Library\Vendor\wechat\Wx.php 第 80 行.
NOTIC: [2] curl_setopt() expects parameter 2 to be long, string given D:\www\weixin-project.com\ThinkPHP\Library\Vendor\wechat\Wx.php 第 80 行.
INFO: [ app_end ] --START--
INFO: Run Behavior\ShowPageTraceBehavior [ RunTime:0.000972s ]
INFO: [ app_end ] --END-- [ RunTime:0.001053s ]

[ 2017-11-13T14:03:38+08:00 ] 127.0.0.1 /index.php
INFO: [ app_init ] --START--
INFO: Run Behavior\BuildLiteBehavior [ RunTime:0.000017s ]
INFO: [ app_init ] --END-- [ RunTime:0.000595s ]
INFO: [ app_begin ] --START--
INFO: Run Behavior\ReadHtmlCacheBehavior [ RunTime:0.000863s ]
INFO: [ app_begin ] --END-- [ RunTime:0.000972s ]
NOTIC: [8] Use of undefined constant CURL_URL - assumed 'CURL_URL' D:\www\weixin-project.com\ThinkPHP\Library\Vendor\wechat\Wx.php 第 80 行.
NOTIC: [2] curl_setopt() expects parameter 2 to be long, string given D:\www\weixin-project.com\ThinkPHP\Library\Vendor\wechat\Wx.php 第 80 行.
INFO: [ app_end ] --START--
INFO: Run Behavior\ShowPageTraceBehavior [ RunTime:0.000622s ]
INFO: [ app_end ] --END-- [ RunTime:0.000690s ]

[ 2017-11-13T14:03:38+08:00 ] 127.0.0.1 /index.php
INFO: [ app_init ] --START--
INFO: Run Behavior\BuildLiteBehavior [ RunTime:0.000016s ]
INFO: [ app_init ] --END-- [ RunTime:0.000637s ]
INFO: [ app_begin ] --START--
INFO: Run Behavior\ReadHtmlCacheBehavior [ RunTime:0.000588s ]
INFO: [ app_begin ] --END-- [ RunTime:0.000644s ]
NOTIC: [8] Use of undefined constant CURL_URL - assumed 'CURL_URL' D:\www\weixin-project.com\ThinkPHP\Library\Vendor\wechat\Wx.php 第 80 行.
NOTIC: [2] curl_setopt() expects parameter 2 to be long, string given D:\www\weixin-project.com\ThinkPHP\Library\Vendor\wechat\Wx.php 第 80 行.
INFO: [ app_end ] --START--
INFO: Run Behavior\ShowPageTraceBehavior [ RunTime:0.000799s ]
INFO: [ app_end ] --END-- [ RunTime:0.000881s ]

[ 2017-11-13T14:03:38+08:00 ] 127.0.0.1 /index.php
INFO: [ app_init ] --START--
INFO: Run Behavior\BuildLiteBehavior [ RunTime:0.000012s ]
INFO: [ app_init ] --END-- [ RunTime:0.000377s ]
INFO: [ app_begin ] --START--
INFO: Run Behavior\ReadHtmlCacheBehavior [ RunTime:0.000888s ]
INFO: [ app_begin ] --END-- [ RunTime:0.000962s ]
NOTIC: [8] Use of undefined constant CURL_URL - assumed 'CURL_URL' D:\www\weixin-project.com\ThinkPHP\Library\Vendor\wechat\Wx.php 第 80 行.
NOTIC: [2] curl_setopt() expects parameter 2 to be long, string given D:\www\weixin-project.com\ThinkPHP\Library\Vendor\wechat\Wx.php 第 80 行.
INFO: [ app_end ] --START--
INFO: Run Behavior\ShowPageTraceBehavior [ RunTime:0.000635s ]
INFO: [ app_end ] --END-- [ RunTime:0.000706s ]

[ 2017-11-13T14:03:38+08:00 ] 127.0.0.1 /index.php
INFO: [ app_init ] --START--
INFO: Run Behavior\BuildLiteBehavior [ RunTime:0.000019s ]
INFO: [ app_init ] --END-- [ RunTime:0.000382s ]
INFO: [ app_begin ] --START--
INFO: Run Behavior\ReadHtmlCacheBehavior [ RunTime:0.000842s ]
INFO: [ app_begin ] --END-- [ RunTime:0.000914s ]
NOTIC: [8] Use of undefined constant CURL_URL - assumed 'CURL_URL' D:\www\weixin-project.com\ThinkPHP\Library\Vendor\wechat\Wx.php 第 80 行.
NOTIC: [2] curl_setopt() expects parameter 2 to be long, string given D:\www\weixin-project.com\ThinkPHP\Library\Vendor\wechat\Wx.php 第 80 行.
INFO: [ app_end ] --START--
INFO: Run Behavior\ShowPageTraceBehavior [ RunTime:0.000560s ]
INFO: [ app_end ] --END-- [ RunTime:0.000620s ]

[ 2017-11-13T14:04:52+08:00 ] 127.0.0.1 /index.php
INFO: [ app_init ] --START--
INFO: Run Behavior\BuildLiteBehavior [ RunTime:0.000012s ]
INFO: [ app_init ] --END-- [ RunTime:0.000634s ]
INFO: [ app_begin ] --START--
INFO: Run Behavior\ReadHtmlCacheBehavior [ RunTime:0.000670s ]
INFO: [ app_begin ] --END-- [ RunTime:0.000714s ]
NOTIC: [8] Use of undefined constant CURL_URL - assumed 'CURL_URL' D:\www\weixin-project.com\ThinkPHP\Library\Vendor\wechat\Wx.php 第 80 行.
NOTIC: [2] curl_setopt() expects parameter 2 to be long, string given D:\www\weixin-project.com\ThinkPHP\Library\Vendor\wechat\Wx.php 第 80 行.
INFO: [ app_end ] --START--
INFO: Run Behavior\ShowPageTraceBehavior [ RunTime:0.000633s ]
INFO: [ app_end ] --END-- [ RunTime:0.000713s ]

[ 2017-11-13T14:04:53+08:00 ] 127.0.0.1 /index.php
INFO: [ app_init ] --START--
INFO: Run Behavior\BuildLiteBehavior [ RunTime:0.000012s ]
INFO: [ app_init ] --END-- [ RunTime:0.000531s ]
INFO: [ app_begin ] --START--
INFO: Run Behavior\ReadHtmlCacheBehavior [ RunTime:0.000575s ]
INFO: [ app_begin ] --END-- [ RunTime:0.000627s ]
NOTIC: [8] Use of undefined constant CURL_URL - assumed 'CURL_URL' D:\www\weixin-project.com\ThinkPHP\Library\Vendor\wechat\Wx.php 第 80 行.
NOTIC: [2] curl_setopt() expects parameter 2 to be long, string given D:\www\weixin-project.com\ThinkPHP\Library\Vendor\wechat\Wx.php 第 80 行.
INFO: [ app_end ] --START--
INFO: Run Behavior\ShowPageTraceBehavior [ RunTime:0.000700s ]
INFO: [ app_end ] --END-- [ RunTime:0.000758s ]

[ 2017-11-13T14:04:54+08:00 ] 127.0.0.1 /index.php
INFO: [ app_init ] --START--
INFO: Run Behavior\BuildLiteBehavior [ RunTime:0.000013s ]
INFO: [ app_init ] --END-- [ RunTime:0.000496s ]
INFO: [ app_begin ] --START--
INFO: Run Behavior\ReadHtmlCacheBehavior [ RunTime:0.000469s ]
INFO: [ app_begin ] --END-- [ RunTime:0.000513s ]
NOTIC: [8] Use of undefined constant CURL_URL - assumed 'CURL_URL' D:\www\weixin-project.com\ThinkPHP\Library\Vendor\wechat\Wx.php 第 80 行.
NOTIC: [2] curl_setopt() expects parameter 2 to be long, string given D:\www\weixin-project.com\ThinkPHP\Library\Vendor\wechat\Wx.php 第 80 行.
INFO: [ app_end ] --START--
INFO: Run Behavior\ShowPageTraceBehavior [ RunTime:0.000556s ]
INFO: [ app_end ] --END-- [ RunTime:0.000622s ]

[ 2017-11-13T14:05:25+08:00 ] 127.0.0.1 /index.php
INFO: [ app_init ] --START--
INFO: Run Behavior\BuildLiteBehavior [ RunTime:0.000012s ]
INFO: [ app_init ] --END-- [ RunTime:0.000538s ]
INFO: [ app_begin ] --START--
INFO: Run Behavior\ReadHtmlCacheBehavior [ RunTime:0.000591s ]
INFO: [ app_begin ] --END-- [ RunTime:0.000633s ]
NOTIC: [8] Use of undefined constant CURL_URL - assumed 'CURL_URL' D:\www\weixin-project.com\ThinkPHP\Library\Vendor\wechat\Wx.php 第 80 行.
NOTIC: [2] curl_setopt() expects parameter 2 to be long, string given D:\www\weixin-project.com\ThinkPHP\Library\Vendor\wechat\Wx.php 第 80 行.
INFO: [ app_end ] --START--
INFO: Run Behavior\ShowPageTraceBehavior [ RunTime:0.000679s ]
INFO: [ app_end ] --END-- [ RunTime:0.000727s ]

[ 2017-11-13T14:05:26+08:00 ] 127.0.0.1 /index.php
INFO: [ app_init ] --START--
INFO: Run Behavior\BuildLiteBehavior [ RunTime:0.000012s ]
INFO: [ app_init ] --END-- [ RunTime:0.000573s ]
INFO: [ app_begin ] --START--
INFO: Run Behavior\ReadHtmlCacheBehavior [ RunTime:0.000532s ]
INFO: [ app_begin ] --END-- [ RunTime:0.000574s ]
NOTIC: [8] Use of undefined constant CURL_URL - assumed 'CURL_URL' D:\www\weixin-project.com\ThinkPHP\Library\Vendor\wechat\Wx.php 第 80 行.
NOTIC: [2] curl_setopt() expects parameter 2 to be long, string given D:\www\weixin-project.com\ThinkPHP\Library\Vendor\wechat\Wx.php 第 80 行.
INFO: [ app_end ] --START--
INFO: Run Behavior\ShowPageTraceBehavior [ RunTime:0.000702s ]
INFO: [ app_end ] --END-- [ RunTime:0.000766s ]

[ 2017-11-13T14:05:27+08:00 ] 127.0.0.1 /index.php
INFO: [ app_init ] --START--
INFO: Run Behavior\BuildLiteBehavior [ RunTime:0.000013s ]
INFO: [ app_init ] --END-- [ RunTime:0.000412s ]
INFO: [ app_begin ] --START--
INFO: Run Behavior\ReadHtmlCacheBehavior [ RunTime:0.000508s ]
INFO: [ app_begin ] --END-- [ RunTime:0.000567s ]
NOTIC: [8] Use of undefined constant CURL_URL - assumed 'CURL_URL' D:\www\weixin-project.com\ThinkPHP\Library\Vendor\wechat\Wx.php 第 80 行.
NOTIC: [2] curl_setopt() expects parameter 2 to be long, string given D:\www\weixin-project.com\ThinkPHP\Library\Vendor\wechat\Wx.php 第 80 行.
INFO: [ app_end ] --START--
INFO: Run Behavior\ShowPageTraceBehavior [ RunTime:0.000557s ]
INFO: [ app_end ] --END-- [ RunTime:0.000598s ]

[ 2017-11-13T14:05:27+08:00 ] 127.0.0.1 /index.php
INFO: [ app_init ] --START--
INFO: Run Behavior\BuildLiteBehavior [ RunTime:0.000011s ]
INFO: [ app_init ] --END-- [ RunTime:0.000434s ]
INFO: [ app_begin ] --START--
INFO: Run Behavior\ReadHtmlCacheBehavior [ RunTime:0.000480s ]
INFO: [ app_begin ] --END-- [ RunTime:0.000528s ]
NOTIC: [8] Use of undefined constant CURL_URL - assumed 'CURL_URL' D:\www\weixin-project.com\ThinkPHP\Library\Vendor\wechat\Wx.php 第 80 行.
NOTIC: [2] curl_setopt() expects parameter 2 to be long, string given D:\www\weixin-project.com\ThinkPHP\Library\Vendor\wechat\Wx.php 第 80 行.
INFO: [ app_end ] --START--
INFO: Run Behavior\ShowPageTraceBehavior [ RunTime:0.000482s ]
INFO: [ app_end ] --END-- [ RunTime:0.000524s ]

[ 2017-11-13T14:05:27+08:00 ] 127.0.0.1 /index.php
INFO: [ app_init ] --START--
INFO: Run Behavior\BuildLiteBehavior [ RunTime:0.000016s ]
INFO: [ app_init ] --END-- [ RunTime:0.000427s ]
INFO: [ app_begin ] --START--
INFO: Run Behavior\ReadHtmlCacheBehavior [ RunTime:0.000480s ]
INFO: [ app_begin ] --END-- [ RunTime:0.000521s ]
NOTIC: [8] Use of undefined constant CURL_URL - assumed 'CURL_URL' D:\www\weixin-project.com\ThinkPHP\Library\Vendor\wechat\Wx.php 第 80 行.
NOTIC: [2] curl_setopt() expects parameter 2 to be long, string given D:\www\weixin-project.com\ThinkPHP\Library\Vendor\wechat\Wx.php 第 80 行.
INFO: [ app_end ] --START--
INFO: Run Behavior\ShowPageTraceBehavior [ RunTime:0.000491s ]
INFO: [ app_end ] --END-- [ RunTime:0.000532s ]

[ 2017-11-13T14:05:27+08:00 ] 127.0.0.1 /index.php
INFO: [ app_init ] --START--
INFO: Run Behavior\BuildLiteBehavior [ RunTime:0.000012s ]
INFO: [ app_init ] --END-- [ RunTime:0.000388s ]
INFO: [ app_begin ] --START--
INFO: Run Behavior\ReadHtmlCacheBehavior [ RunTime:0.000443s ]
INFO: [ app_begin ] --END-- [ RunTime:0.000484s ]
NOTIC: [8] Use of undefined constant CURL_URL - assumed 'CURL_URL' D:\www\weixin-project.com\ThinkPHP\Library\Vendor\wechat\Wx.php 第 80 行.
NOTIC: [2] curl_setopt() expects parameter 2 to be long, string given D:\www\weixin-project.com\ThinkPHP\Library\Vendor\wechat\Wx.php 第 80 行.
INFO: [ app_end ] --START--
INFO: Run Behavior\ShowPageTraceBehavior [ RunTime:0.000989s ]
INFO: [ app_end ] --END-- [ RunTime:0.001100s ]

[ 2017-11-13T14:05:28+08:00 ] 127.0.0.1 /index.php
INFO: [ app_init ] --START--
INFO: Run Behavior\BuildLiteBehavior [ RunTime:0.000011s ]
INFO: [ app_init ] --END-- [ RunTime:0.000418s ]
INFO: [ app_begin ] --START--
INFO: Run Behavior\ReadHtmlCacheBehavior [ RunTime:0.000504s ]
INFO: [ app_begin ] --END-- [ RunTime:0.000558s ]
NOTIC: [8] Use of undefined constant CURL_URL - assumed 'CURL_URL' D:\www\weixin-project.com\ThinkPHP\Library\Vendor\wechat\Wx.php 第 80 行.
NOTIC: [2] curl_setopt() expects parameter 2 to be long, string given D:\www\weixin-project.com\ThinkPHP\Library\Vendor\wechat\Wx.php 第 80 行.
INFO: [ app_end ] --START--
INFO: Run Behavior\ShowPageTraceBehavior [ RunTime:0.000584s ]
INFO: [ app_end ] --END-- [ RunTime:0.000633s ]

[ 2017-11-13T14:05:28+08:00 ] 127.0.0.1 /index.php
INFO: [ app_init ] --START--
INFO: Run Behavior\BuildLiteBehavior [ RunTime:0.000011s ]
INFO: [ app_init ] --END-- [ RunTime:0.000404s ]
INFO: [ app_begin ] --START--
INFO: Run Behavior\ReadHtmlCacheBehavior [ RunTime:0.000497s ]
INFO: [ app_begin ] --END-- [ RunTime:0.000539s ]
NOTIC: [8] Use of undefined constant CURL_URL - assumed 'CURL_URL' D:\www\weixin-project.com\ThinkPHP\Library\Vendor\wechat\Wx.php 第 80 行.
NOTIC: [2] curl_setopt() expects parameter 2 to be long, string given D:\www\weixin-project.com\ThinkPHP\Library\Vendor\wechat\Wx.php 第 80 行.
INFO: [ app_end ] --START--
INFO: Run Behavior\ShowPageTraceBehavior [ RunTime:0.000530s ]
INFO: [ app_end ] --END-- [ RunTime:0.000570s ]

[ 2017-11-13T14:05:28+08:00 ] 127.0.0.1 /index.php
INFO: [ app_init ] --START--
INFO: Run Behavior\BuildLiteBehavior [ RunTime:0.000024s ]
INFO: [ app_init ] --END-- [ RunTime:0.000394s ]
INFO: [ app_begin ] --START--
INFO: Run Behavior\ReadHtmlCacheBehavior [ RunTime:0.000612s ]
INFO: [ app_begin ] --END-- [ RunTime:0.000670s ]
NOTIC: [8] Use of undefined constant CURL_URL - assumed 'CURL_URL' D:\www\weixin-project.com\ThinkPHP\Library\Vendor\wechat\Wx.php 第 80 行.
NOTIC: [2] curl_setopt() expects parameter 2 to be long, string given D:\www\weixin-project.com\ThinkPHP\Library\Vendor\wechat\Wx.php 第 80 行.
INFO: [ app_end ] --START--
INFO: Run Behavior\ShowPageTraceBehavior [ RunTime:0.000474s ]
INFO: [ app_end ] --END-- [ RunTime:0.000515s ]

[ 2017-11-13T14:05:28+08:00 ] 127.0.0.1 /index.php
INFO: [ app_init ] --START--
INFO: Run Behavior\BuildLiteBehavior [ RunTime:0.000014s ]
INFO: [ app_init ] --END-- [ RunTime:0.000775s ]
INFO: [ app_begin ] --START--
INFO: Run Behavior\ReadHtmlCacheBehavior [ RunTime:0.000561s ]
INFO: [ app_begin ] --END-- [ RunTime:0.000615s ]
NOTIC: [8] Use of undefined constant CURL_URL - assumed 'CURL_URL' D:\www\weixin-project.com\ThinkPHP\Library\Vendor\wechat\Wx.php 第 80 行.
NOTIC: [2] curl_setopt() expects parameter 2 to be long, string given D:\www\weixin-project.com\ThinkPHP\Library\Vendor\wechat\Wx.php 第 80 行.
INFO: [ app_end ] --START--
INFO: Run Behavior\ShowPageTraceBehavior [ RunTime:0.000483s ]
INFO: [ app_end ] --END-- [ RunTime:0.000523s ]

[ 2017-11-13T14:12:00+08:00 ] 127.0.0.1 /index.php
INFO: [ app_init ] --START--
INFO: Run Behavior\BuildLiteBehavior [ RunTime:0.000011s ]
INFO: [ app_init ] --END-- [ RunTime:0.000556s ]
INFO: [ app_begin ] --START--
INFO: Run Behavior\ReadHtmlCacheBehavior [ RunTime:0.000797s ]
INFO: [ app_begin ] --END-- [ RunTime:0.000848s ]
NOTIC: [8] Use of undefined constant CURL_URL - assumed 'CURL_URL' D:\www\weixin-project.com\ThinkPHP\Library\Vendor\wechat\Wx.php 第 80 行.
NOTIC: [2] curl_setopt() expects parameter 2 to be long, string given D:\www\weixin-project.com\ThinkPHP\Library\Vendor\wechat\Wx.php 第 80 行.
INFO: [ app_end ] --START--
INFO: Run Behavior\ShowPageTraceBehavior [ RunTime:0.000698s ]
INFO: [ app_end ] --END-- [ RunTime:0.000739s ]

[ 2017-11-13T14:12:01+08:00 ] 127.0.0.1 /index.php
INFO: [ app_init ] --START--
INFO: Run Behavior\BuildLiteBehavior [ RunTime:0.000012s ]
INFO: [ app_init ] --END-- [ RunTime:0.000570s ]
INFO: [ app_begin ] --START--
INFO: Run Behavior\ReadHtmlCacheBehavior [ RunTime:0.000835s ]
INFO: [ app_begin ] --END-- [ RunTime:0.000890s ]
NOTIC: [8] Use of undefined constant CURL_URL - assumed 'CURL_URL' D:\www\weixin-project.com\ThinkPHP\Library\Vendor\wechat\Wx.php 第 80 行.
NOTIC: [2] curl_setopt() expects parameter 2 to be long, string given D:\www\weixin-project.com\ThinkPHP\Library\Vendor\wechat\Wx.php 第 80 行.
INFO: [ app_end ] --START--
INFO: Run Behavior\ShowPageTraceBehavior [ RunTime:0.000634s ]
INFO: [ app_end ] --END-- [ RunTime:0.000674s ]

[ 2017-11-13T14:12:01+08:00 ] 127.0.0.1 /index.php
INFO: [ app_init ] --START--
INFO: Run Behavior\BuildLiteBehavior [ RunTime:0.000016s ]
INFO: [ app_init ] --END-- [ RunTime:0.000591s ]
INFO: [ app_begin ] --START--
INFO: Run Behavior\ReadHtmlCacheBehavior [ RunTime:0.000499s ]
INFO: [ app_begin ] --END-- [ RunTime:0.000541s ]
NOTIC: [8] Use of undefined constant CURL_URL - assumed 'CURL_URL' D:\www\weixin-project.com\ThinkPHP\Library\Vendor\wechat\Wx.php 第 80 行.
NOTIC: [2] curl_setopt() expects parameter 2 to be long, string given D:\www\weixin-project.com\ThinkPHP\Library\Vendor\wechat\Wx.php 第 80 行.
INFO: [ app_end ] --START--
INFO: Run Behavior\ShowPageTraceBehavior [ RunTime:0.000624s ]
INFO: [ app_end ] --END-- [ RunTime:0.000679s ]

[ 2017-11-13T14:12:01+08:00 ] 127.0.0.1 /index.php
INFO: [ app_init ] --START--
INFO: Run Behavior\BuildLiteBehavior [ RunTime:0.000017s ]
INFO: [ app_init ] --END-- [ RunTime:0.000414s ]
INFO: [ app_begin ] --START--
INFO: Run Behavior\ReadHtmlCacheBehavior [ RunTime:0.000467s ]
INFO: [ app_begin ] --END-- [ RunTime:0.000509s ]
NOTIC: [8] Use of undefined constant CURL_URL - assumed 'CURL_URL' D:\www\weixin-project.com\ThinkPHP\Library\Vendor\wechat\Wx.php 第 80 行.
NOTIC: [2] curl_setopt() expects parameter 2 to be long, string given D:\www\weixin-project.com\ThinkPHP\Library\Vendor\wechat\Wx.php 第 80 行.
INFO: [ app_end ] --START--
INFO: Run Behavior\ShowPageTraceBehavior [ RunTime:0.000797s ]
INFO: [ app_end ] --END-- [ RunTime:0.000844s ]

[ 2017-11-13T14:12:02+08:00 ] 127.0.0.1 /index.php
INFO: [ app_init ] --START--
INFO: Run Behavior\BuildLiteBehavior [ RunTime:0.000012s ]
INFO: [ app_init ] --END-- [ RunTime:0.000385s ]
INFO: [ app_begin ] --START--
INFO: Run Behavior\ReadHtmlCacheBehavior [ RunTime:0.000464s ]
INFO: [ app_begin ] --END-- [ RunTime:0.000504s ]
NOTIC: [8] Use of undefined constant CURL_URL - assumed 'CURL_URL' D:\www\weixin-project.com\ThinkPHP\Library\Vendor\wechat\Wx.php 第 80 行.
NOTIC: [2] curl_setopt() expects parameter 2 to be long, string given D:\www\weixin-project.com\ThinkPHP\Library\Vendor\wechat\Wx.php 第 80 行.
INFO: [ app_end ] --START--
INFO: Run Behavior\ShowPageTraceBehavior [ RunTime:0.000538s ]
INFO: [ app_end ] --END-- [ RunTime:0.000583s ]

[ 2017-11-13T14:12:04+08:00 ] 127.0.0.1 /index.php
INFO: [ app_init ] --START--
INFO: Run Behavior\BuildLiteBehavior [ RunTime:0.000019s ]
INFO: [ app_init ] --END-- [ RunTime:0.000643s ]
INFO: [ app_begin ] --START--
INFO: Run Behavior\ReadHtmlCacheBehavior [ RunTime:0.000712s ]
INFO: [ app_begin ] --END-- [ RunTime:0.000780s ]
NOTIC: [8] Use of undefined constant CURL_URL - assumed 'CURL_URL' D:\www\weixin-project.com\ThinkPHP\Library\Vendor\wechat\Wx.php 第 80 行.
NOTIC: [2] curl_setopt() expects parameter 2 to be long, string given D:\www\weixin-project.com\ThinkPHP\Library\Vendor\wechat\Wx.php 第 80 行.
INFO: [ app_end ] --START--
INFO: Run Behavior\ShowPageTraceBehavior [ RunTime:0.000796s ]
INFO: [ app_end ] --END-- [ RunTime:0.000867s ]

[ 2017-11-13T14:14:13+08:00 ] 127.0.0.1 /index.php
INFO: [ app_init ] --START--
INFO: Run Behavior\BuildLiteBehavior [ RunTime:0.000012s ]
INFO: [ app_init ] --END-- [ RunTime:0.000589s ]
INFO: [ app_begin ] --START--
INFO: Run Behavior\ReadHtmlCacheBehavior [ RunTime:0.000714s ]
INFO: [ app_begin ] --END-- [ RunTime:0.000757s ]
INFO: [ app_end ] --START--
INFO: Run Behavior\ShowPageTraceBehavior [ RunTime:0.005076s ]
INFO: [ app_end ] --END-- [ RunTime:0.005442s ]

[ 2017-11-13T14:15:30+08:00 ] 127.0.0.1 /index.php
INFO: [ app_init ] --START--
INFO: Run Behavior\BuildLiteBehavior [ RunTime:0.000011s ]
INFO: [ app_init ] --END-- [ RunTime:0.000506s ]
INFO: [ app_begin ] --START--
INFO: Run Behavior\ReadHtmlCacheBehavior [ RunTime:0.000675s ]
INFO: [ app_begin ] --END-- [ RunTime:0.000738s ]
INFO: [ app_end ] --START--
INFO: Run Behavior\ShowPageTraceBehavior [ RunTime:0.000991s ]
INFO: [ app_end ] --END-- [ RunTime:0.001073s ]

[ 2017-11-13T16:39:05+08:00 ] 127.0.0.1 /index.php
INFO: [ app_init ] --START--
INFO: Run Behavior\BuildLiteBehavior [ RunTime:0.000012s ]
INFO: [ app_init ] --END-- [ RunTime:0.000515s ]
INFO: [ app_begin ] --START--
INFO: Run Behavior\ReadHtmlCacheBehavior [ RunTime:0.000768s ]
INFO: [ app_begin ] --END-- [ RunTime:0.000819s ]
INFO: [ app_end ] --START--
INFO: Run Behavior\ShowPageTraceBehavior [ RunTime:0.000733s ]
INFO: [ app_end ] --END-- [ RunTime:0.000787s ]

[ 2017-11-13T16:58:14+08:00 ] 127.0.0.1 /index.php
INFO: [ app_init ] --START--
INFO: Run Behavior\BuildLiteBehavior [ RunTime:0.000025s ]
INFO: [ app_init ] --END-- [ RunTime:0.000900s ]
INFO: [ app_begin ] --START--
INFO: Run Behavior\ReadHtmlCacheBehavior [ RunTime:0.000975s ]
INFO: [ app_begin ] --END-- [ RunTime:0.001064s ]
NOTIC: [2] include(D:\www\weixin-project.com\ThinkPHP\Library\Vendor\wechat/build/massage.php): failed to open stream: No such file or directory D:\www\weixin-project.com\ThinkPHP\Library\Vendor\wechat\Wx.php 第 100 行.
NOTIC: [2] include(): Failed opening 'D:\www\weixin-project.com\ThinkPHP\Library\Vendor\wechat/build/massage.php' for inclusion (include_path='.;C:\php\pear') D:\www\weixin-project.com\ThinkPHP\Library\Vendor\wechat\Wx.php 第 100 行.

[ 2017-11-13T16:58:35+08:00 ] 127.0.0.1 /index.php
INFO: [ app_init ] --START--
INFO: Run Behavior\BuildLiteBehavior [ RunTime:0.000012s ]
INFO: [ app_init ] --END-- [ RunTime:0.000378s ]
INFO: [ app_begin ] --START--
INFO: Run Behavior\ReadHtmlCacheBehavior [ RunTime:0.000619s ]
INFO: [ app_begin ] --END-- [ RunTime:0.000661s ]
NOTIC: [2] include(D:\www\weixin-project.com\ThinkPHP\Library\Vendor\wechat/build/Massage.php): failed to open stream: No such file or directory D:\www\weixin-project.com\ThinkPHP\Library\Vendor\wechat\Wx.php 第 100 行.
NOTIC: [2] include(): Failed opening 'D:\www\weixin-project.com\ThinkPHP\Library\Vendor\wechat/build/Massage.php' for inclusion (include_path='.;C:\php\pear') D:\www\weixin-project.com\ThinkPHP\Library\Vendor\wechat\Wx.php 第 100 行.

[ 2017-11-13T16:58:37+08:00 ] 127.0.0.1 /index.php
INFO: [ app_init ] --START--
INFO: Run Behavior\BuildLiteBehavior [ RunTime:0.000012s ]
INFO: [ app_init ] --END-- [ RunTime:0.000547s ]
INFO: [ app_begin ] --START--
INFO: Run Behavior\ReadHtmlCacheBehavior [ RunTime:0.000578s ]
INFO: [ app_begin ] --END-- [ RunTime:0.000662s ]
NOTIC: [2] include(D:\www\weixin-project.com\ThinkPHP\Library\Vendor\wechat/build/Massage.php): failed to open stream: No such file or directory D:\www\weixin-project.com\ThinkPHP\Library\Vendor\wechat\Wx.php 第 100 行.
NOTIC: [2] include(): Failed opening 'D:\www\weixin-project.com\ThinkPHP\Library\Vendor\wechat/build/Massage.php' for inclusion (include_path='.;C:\php\pear') D:\www\weixin-project.com\ThinkPHP\Library\Vendor\wechat\Wx.php 第 100 行.

[ 2017-11-13T16:58:39+08:00 ] 127.0.0.1 /index.php
INFO: [ app_init ] --START--
INFO: Run Behavior\BuildLiteBehavior [ RunTime:0.000012s ]
INFO: [ app_init ] --END-- [ RunTime:0.000418s ]
INFO: [ app_begin ] --START--
INFO: Run Behavior\ReadHtmlCacheBehavior [ RunTime:0.000493s ]
INFO: [ app_begin ] --END-- [ RunTime:0.000540s ]
NOTIC: [2] include(D:\www\weixin-project.com\ThinkPHP\Library\Vendor\wechat/build/Massage.php): failed to open stream: No such file or directory D:\www\weixin-project.com\ThinkPHP\Library\Vendor\wechat\Wx.php 第 100 行.
NOTIC: [2] include(): Failed opening 'D:\www\weixin-project.com\ThinkPHP\Library\Vendor\wechat/build/Massage.php' for inclusion (include_path='.;C:\php\pear') D:\www\weixin-project.com\ThinkPHP\Library\Vendor\wechat\Wx.php 第 100 行.

[ 2017-11-13T16:58:42+08:00 ] 127.0.0.1 /index.php
INFO: [ app_init ] --START--
INFO: Run Behavior\BuildLiteBehavior [ RunTime:0.000013s ]
INFO: [ app_init ] --END-- [ RunTime:0.000465s ]
INFO: [ app_begin ] --START--
INFO: Run Behavior\ReadHtmlCacheBehavior [ RunTime:0.000543s ]
INFO: [ app_begin ] --END-- [ RunTime:0.000596s ]
NOTIC: [2] include(D:\www\weixin-project.com\ThinkPHP\Library\Vendor\wechat/build/Massage.php): failed to open stream: No such file or directory D:\www\weixin-project.com\ThinkPHP\Library\Vendor\wechat\Wx.php 第 100 行.
NOTIC: [2] include(): Failed opening 'D:\www\weixin-project.com\ThinkPHP\Library\Vendor\wechat/build/Massage.php' for inclusion (include_path='.;C:\php\pear') D:\www\weixin-project.com\ThinkPHP\Library\Vendor\wechat\Wx.php 第 100 行.

[ 2017-11-13T16:58:43+08:00 ] 127.0.0.1 /index.php
INFO: [ app_init ] --START--
INFO: Run Behavior\BuildLiteBehavior [ RunTime:0.000013s ]
INFO: [ app_init ] --END-- [ RunTime:0.000450s ]
INFO: [ app_begin ] --START--
INFO: Run Behavior\ReadHtmlCacheBehavior [ RunTime:0.000634s ]
INFO: [ app_begin ] --END-- [ RunTime:0.000688s ]
NOTIC: [2] include(D:\www\weixin-project.com\ThinkPHP\Library\Vendor\wechat/build/Massage.php): failed to open stream: No such file or directory D:\www\weixin-project.com\ThinkPHP\Library\Vendor\wechat\Wx.php 第 100 行.
NOTIC: [2] include(): Failed opening 'D:\www\weixin-project.com\ThinkPHP\Library\Vendor\wechat/build/Massage.php' for inclusion (include_path='.;C:\php\pear') D:\www\weixin-project.com\ThinkPHP\Library\Vendor\wechat\Wx.php 第 100 行.

[ 2017-11-13T16:58:44+08:00 ] 127.0.0.1 /index.php
INFO: [ app_init ] --START--
INFO: Run Behavior\BuildLiteBehavior [ RunTime:0.000013s ]
INFO: [ app_init ] --END-- [ RunTime:0.000396s ]
INFO: [ app_begin ] --START--
INFO: Run Behavior\ReadHtmlCacheBehavior [ RunTime:0.000486s ]
INFO: [ app_begin ] --END-- [ RunTime:0.000532s ]
NOTIC: [2] include(D:\www\weixin-project.com\ThinkPHP\Library\Vendor\wechat/build/Massage.php): failed to open stream: No such file or directory D:\www\weixin-project.com\ThinkPHP\Library\Vendor\wechat\Wx.php 第 100 行.
NOTIC: [2] include(): Failed opening 'D:\www\weixin-project.com\ThinkPHP\Library\Vendor\wechat/build/Massage.php' for inclusion (include_path='.;C:\php\pear') D:\www\weixin-project.com\ThinkPHP\Library\Vendor\wechat\Wx.php 第 100 行.

[ 2017-11-13T16:58:44+08:00 ] 127.0.0.1 /index.php
INFO: [ app_init ] --START--
INFO: Run Behavior\BuildLiteBehavior [ RunTime:0.000017s ]
INFO: [ app_init ] --END-- [ RunTime:0.000536s ]
INFO: [ app_begin ] --START--
INFO: Run Behavior\ReadHtmlCacheBehavior [ RunTime:0.000928s ]
INFO: [ app_begin ] --END-- [ RunTime:0.000995s ]
NOTIC: [2] include(D:\www\weixin-project.com\ThinkPHP\Library\Vendor\wechat/build/Massage.php): failed to open stream: No such file or directory D:\www\weixin-project.com\ThinkPHP\Library\Vendor\wechat\Wx.php 第 100 行.
NOTIC: [2] include(): Failed opening 'D:\www\weixin-project.com\ThinkPHP\Library\Vendor\wechat/build/Massage.php' for inclusion (include_path='.;C:\php\pear') D:\www\weixin-project.com\ThinkPHP\Library\Vendor\wechat\Wx.php 第 100 行.

[ 2017-11-13T16:58:45+08:00 ] 127.0.0.1 /index.php
INFO: [ app_init ] --START--
INFO: Run Behavior\BuildLiteBehavior [ RunTime:0.000018s ]
INFO: [ app_init ] --END-- [ RunTime:0.000624s ]
INFO: [ app_begin ] --START--
INFO: Run Behavior\ReadHtmlCacheBehavior [ RunTime:0.000559s ]
INFO: [ app_begin ] --END-- [ RunTime:0.000616s ]
NOTIC: [2] include(D:\www\weixin-project.com\ThinkPHP\Library\Vendor\wechat/build/Massage.php): failed to open stream: No such file or directory D:\www\weixin-project.com\ThinkPHP\Library\Vendor\wechat\Wx.php 第 100 行.
NOTIC: [2] include(): Failed opening 'D:\www\weixin-project.com\ThinkPHP\Library\Vendor\wechat/build/Massage.php' for inclusion (include_path='.;C:\php\pear') D:\www\weixin-project.com\ThinkPHP\Library\Vendor\wechat\Wx.php 第 100 行.

[ 2017-11-13T16:58:46+08:00 ] 127.0.0.1 /index.php
INFO: [ app_init ] --START--
INFO: Run Behavior\BuildLiteBehavior [ RunTime:0.000016s ]
INFO: [ app_init ] --END-- [ RunTime:0.000534s ]
INFO: [ app_begin ] --START--
INFO: Run Behavior\ReadHtmlCacheBehavior [ RunTime:0.001042s ]
INFO: [ app_begin ] --END-- [ RunTime:0.001145s ]
NOTIC: [2] include(D:\www\weixin-project.com\ThinkPHP\Library\Vendor\wechat/build/Massage.php): failed to open stream: No such file or directory D:\www\weixin-project.com\ThinkPHP\Library\Vendor\wechat\Wx.php 第 100 行.
NOTIC: [2] include(): Failed opening 'D:\www\weixin-project.com\ThinkPHP\Library\Vendor\wechat/build/Massage.php' for inclusion (include_path='.;C:\php\pear') D:\www\weixin-project.com\ThinkPHP\Library\Vendor\wechat\Wx.php 第 100 行.

[ 2017-11-13T16:58:47+08:00 ] 127.0.0.1 /index.php
INFO: [ app_init ] --START--
INFO: Run Behavior\BuildLiteBehavior [ RunTime:0.000016s ]
INFO: [ app_init ] --END-- [ RunTime:0.000507s ]
INFO: [ app_begin ] --START--
INFO: Run Behavior\ReadHtmlCacheBehavior [ RunTime:0.001095s ]
INFO: [ app_begin ] --END-- [ RunTime:0.001220s ]
NOTIC: [2] include(D:\www\weixin-project.com\ThinkPHP\Library\Vendor\wechat/build/Massage.php): failed to open stream: No such file or directory D:\www\weixin-project.com\ThinkPHP\Library\Vendor\wechat\Wx.php 第 100 行.
NOTIC: [2] include(): Failed opening 'D:\www\weixin-project.com\ThinkPHP\Library\Vendor\wechat/build/Massage.php' for inclusion (include_path='.;C:\php\pear') D:\www\weixin-project.com\ThinkPHP\Library\Vendor\wechat\Wx.php 第 100 行.

[ 2017-11-13T16:58:48+08:00 ] 127.0.0.1 /index.php
INFO: [ app_init ] --START--
INFO: Run Behavior\BuildLiteBehavior [ RunTime:0.000015s ]
INFO: [ app_init ] --END-- [ RunTime:0.000514s ]
INFO: [ app_begin ] --START--
INFO: Run Behavior\ReadHtmlCacheBehavior [ RunTime:0.001031s ]
INFO: [ app_begin ] --END-- [ RunTime:0.001175s ]
NOTIC: [2] include(D:\www\weixin-project.com\ThinkPHP\Library\Vendor\wechat/build/Massage.php): failed to open stream: No such file or directory D:\www\weixin-project.com\ThinkPHP\Library\Vendor\wechat\Wx.php 第 100 行.
NOTIC: [2] include(): Failed opening 'D:\www\weixin-project.com\ThinkPHP\Library\Vendor\wechat/build/Massage.php' for inclusion (include_path='.;C:\php\pear') D:\www\weixin-project.com\ThinkPHP\Library\Vendor\wechat\Wx.php 第 100 行.

[ 2017-11-13T16:58:49+08:00 ] 127.0.0.1 /index.php
INFO: [ app_init ] --START--
INFO: Run Behavior\BuildLiteBehavior [ RunTime:0.000012s ]
INFO: [ app_init ] --END-- [ RunTime:0.000463s ]
INFO: [ app_begin ] --START--
INFO: Run Behavior\ReadHtmlCacheBehavior [ RunTime:0.000516s ]
INFO: [ app_begin ] --END-- [ RunTime:0.000561s ]
NOTIC: [2] include(D:\www\weixin-project.com\ThinkPHP\Library\Vendor\wechat/build/Massage.php): failed to open stream: No such file or directory D:\www\weixin-project.com\ThinkPHP\Library\Vendor\wechat\Wx.php 第 100 行.
NOTIC: [2] include(): Failed opening 'D:\www\weixin-project.com\ThinkPHP\Library\Vendor\wechat/build/Massage.php' for inclusion (include_path='.;C:\php\pear') D:\www\weixin-project.com\ThinkPHP\Library\Vendor\wechat\Wx.php 第 100 行.

[ 2017-11-13T16:59:34+08:00 ] 127.0.0.1 /index.php
INFO: [ app_init ] --START--
INFO: Run Behavior\BuildLiteBehavior [ RunTime:0.000012s ]
INFO: [ app_init ] --END-- [ RunTime:0.000761s ]
INFO: [ app_begin ] --START--
INFO: Run Behavior\ReadHtmlCacheBehavior [ RunTime:0.000599s ]
INFO: [ app_begin ] --END-- [ RunTime:0.000643s ]

[ 2017-11-13T16:59:34+08:00 ] 127.0.0.1 /index.php
INFO: [ app_init ] --START--
INFO: Run Behavior\BuildLiteBehavior [ RunTime:0.000012s ]
INFO: [ app_init ] --END-- [ RunTime:0.000455s ]
INFO: [ app_begin ] --START--
INFO: Run Behavior\ReadHtmlCacheBehavior [ RunTime:0.000529s ]
INFO: [ app_begin ] --END-- [ RunTime:0.000571s ]

[ 2017-11-13T16:59:35+08:00 ] 127.0.0.1 /index.php
INFO: [ app_init ] --START--
INFO: Run Behavior\BuildLiteBehavior [ RunTime:0.000020s ]
INFO: [ app_init ] --END-- [ RunTime:0.000820s ]
INFO: [ app_begin ] --START--
INFO: Run Behavior\ReadHtmlCacheBehavior [ RunTime:0.000773s ]
INFO: [ app_begin ] --END-- [ RunTime:0.000839s ]

[ 2017-11-13T17:00:05+08:00 ] 127.0.0.1 /index.php
INFO: [ app_init ] --START--
INFO: Run Behavior\BuildLiteBehavior [ RunTime:0.000012s ]
INFO: [ app_init ] --END-- [ RunTime:0.000426s ]
INFO: [ app_begin ] --START--
INFO: Run Behavior\ReadHtmlCacheBehavior [ RunTime:0.000711s ]
INFO: [ app_begin ] --END-- [ RunTime:0.000761s ]
NOTIC: [2] include(D:\www\weixin-project.com\ThinkPHP\Library\Vendor\wechat/build/Massage.php): failed to open stream: No such file or directory D:\www\weixin-project.com\ThinkPHP\Library\Vendor\wechat\Wx.php 第 101 行.
NOTIC: [2] include(): Failed opening 'D:\www\weixin-project.com\ThinkPHP\Library\Vendor\wechat/build/Massage.php' for inclusion (include_path='.;C:\php\pear') D:\www\weixin-project.com\ThinkPHP\Library\Vendor\wechat\Wx.php 第 101 行.

[ 2017-11-13T17:00:27+08:00 ] 127.0.0.1 /index.php
INFO: [ app_init ] --START--
INFO: Run Behavior\BuildLiteBehavior [ RunTime:0.000012s ]
INFO: [ app_init ] --END-- [ RunTime:0.000529s ]
INFO: [ app_begin ] --START--
INFO: Run Behavior\ReadHtmlCacheBehavior [ RunTime:0.000692s ]
INFO: [ app_begin ] --END-- [ RunTime:0.000735s ]
NOTIC: [2] include(D:\www\weixin-project.com\ThinkPHP\Library\Vendor\wechat/build/Massage.php): failed to open stream: No such file or directory D:\www\weixin-project.com\ThinkPHP\Library\Vendor\wechat\Wx.php 第 101 行.
NOTIC: [2] include(): Failed opening 'D:\www\weixin-project.com\ThinkPHP\Library\Vendor\wechat/build/Massage.php' for inclusion (include_path='.;C:\php\pear') D:\www\weixin-project.com\ThinkPHP\Library\Vendor\wechat\Wx.php 第 101 行.

[ 2017-11-13T17:00:48+08:00 ] 127.0.0.1 /index.php
INFO: [ app_init ] --START--
INFO: Run Behavior\BuildLiteBehavior [ RunTime:0.000012s ]
INFO: [ app_init ] --END-- [ RunTime:0.000387s ]
INFO: [ app_begin ] --START--
INFO: Run Behavior\ReadHtmlCacheBehavior [ RunTime:0.000589s ]
INFO: [ app_begin ] --END-- [ RunTime:0.000632s ]
NOTIC: [2] include(D:\www\weixin-project.com\ThinkPHP\Library\Vendor\wechat/build/Massage.php): failed to open stream: No such file or directory D:\www\weixin-project.com\ThinkPHP\Library\Vendor\wechat\Wx.php 第 101 行.
NOTIC: [2] include(): Failed opening 'D:\www\weixin-project.com\ThinkPHP\Library\Vendor\wechat/build/Massage.php' for inclusion (include_path='.;C:\php\pear') D:\www\weixin-project.com\ThinkPHP\Library\Vendor\wechat\Wx.php 第 101 行.
INFO: [ app_end ] --START--
INFO: Run Behavior\ShowPageTraceBehavior [ RunTime:0.000709s ]
INFO: [ app_end ] --END-- [ RunTime:0.000752s ]

[ 2017-11-13T17:02:21+08:00 ] 127.0.0.1 /index.php
INFO: [ app_init ] --START--
INFO: Run Behavior\BuildLiteBehavior [ RunTime:0.000012s ]
INFO: [ app_init ] --END-- [ RunTime:0.000576s ]
INFO: [ app_begin ] --START--
INFO: Run Behavior\ReadHtmlCacheBehavior [ RunTime:0.000577s ]
INFO: [ app_begin ] --END-- [ RunTime:0.000616s ]
NOTIC: [2] include(D:\www\weixin-project.com\ThinkPHP\Library\Vendor\wechat/build/Massage.php): failed to open stream: No such file or directory D:\www\weixin-project.com\ThinkPHP\Library\Vendor\wechat\Wx.php 第 101 行.
NOTIC: [2] include(): Failed opening 'D:\www\weixin-project.com\ThinkPHP\Library\Vendor\wechat/build/Massage.php' for inclusion (include_path='.;C:\php\pear') D:\www\weixin-project.com\ThinkPHP\Library\Vendor\wechat\Wx.php 第 101 行.

[ 2017-11-13T17:02:22+08:00 ] 127.0.0.1 /index.php
INFO: [ app_init ] --START--
INFO: Run Behavior\BuildLiteBehavior [ RunTime:0.000025s ]
INFO: [ app_init ] --END-- [ RunTime:0.000669s ]
INFO: [ app_begin ] --START--
INFO: Run Behavior\ReadHtmlCacheBehavior [ RunTime:0.000581s ]
INFO: [ app_begin ] --END-- [ RunTime:0.000624s ]
NOTIC: [2] include(D:\www\weixin-project.com\ThinkPHP\Library\Vendor\wechat/build/Massage.php): failed to open stream: No such file or directory D:\www\weixin-project.com\ThinkPHP\Library\Vendor\wechat\Wx.php 第 101 行.
NOTIC: [2] include(): Failed opening 'D:\www\weixin-project.com\ThinkPHP\Library\Vendor\wechat/build/Massage.php' for inclusion (include_path='.;C:\php\pear') D:\www\weixin-project.com\ThinkPHP\Library\Vendor\wechat\Wx.php 第 101 行.

[ 2017-11-13T17:02:50+08:00 ] 127.0.0.1 /index.php
INFO: [ app_init ] --START--
INFO: Run Behavior\BuildLiteBehavior [ RunTime:0.000012s ]
INFO: [ app_init ] --END-- [ RunTime:0.000549s ]
INFO: [ app_begin ] --START--
INFO: Run Behavior\ReadHtmlCacheBehavior [ RunTime:0.000647s ]
INFO: [ app_begin ] --END-- [ RunTime:0.000690s ]
INFO: [ app_end ] --START--
INFO: Run Behavior\ShowPageTraceBehavior [ RunTime:0.000666s ]
INFO: [ app_end ] --END-- [ RunTime:0.000719s ]

[ 2017-11-13T17:03:19+08:00 ] 127.0.0.1 /index.php
INFO: [ app_init ] --START--
INFO: Run Behavior\BuildLiteBehavior [ RunTime:0.000013s ]
INFO: [ app_init ] --END-- [ RunTime:0.000444s ]
INFO: [ app_begin ] --START--
INFO: Run Behavior\ReadHtmlCacheBehavior [ RunTime:0.000634s ]
INFO: [ app_begin ] --END-- [ RunTime:0.000691s ]
INFO: [ app_end ] --START--
INFO: Run Behavior\ShowPageTraceBehavior [ RunTime:0.000758s ]
INFO: [ app_end ] --END-- [ RunTime:0.000836s ]

[ 2017-11-13T17:03:45+08:00 ] 127.0.0.1 /index.php
INFO: [ app_init ] --START--
INFO: Run Behavior\BuildLiteBehavior [ RunTime:0.000011s ]
INFO: [ app_init ] --END-- [ RunTime:0.000519s ]
INFO: [ app_begin ] --START--
INFO: Run Behavior\ReadHtmlCacheBehavior [ RunTime:0.000597s ]
INFO: [ app_begin ] --END-- [ RunTime:0.000657s ]

[ 2017-11-13T17:03:46+08:00 ] 127.0.0.1 /index.php
INFO: [ app_init ] --START--
INFO: Run Behavior\BuildLiteBehavior [ RunTime:0.000013s ]
INFO: [ app_init ] --END-- [ RunTime:0.000568s ]
INFO: [ app_begin ] --START--
INFO: Run Behavior\ReadHtmlCacheBehavior [ RunTime:0.001540s ]
INFO: [ app_begin ] --END-- [ RunTime:0.001756s ]

[ 2017-11-13T17:03:56+08:00 ] 127.0.0.1 /index.php
INFO: [ app_init ] --START--
INFO: Run Behavior\BuildLiteBehavior [ RunTime:0.000024s ]
INFO: [ app_init ] --END-- [ RunTime:0.000543s ]
INFO: [ app_begin ] --START--
INFO: Run Behavior\ReadHtmlCacheBehavior [ RunTime:0.000674s ]
INFO: [ app_begin ] --END-- [ RunTime:0.000720s ]
INFO: [ app_end ] --START--
INFO: Run Behavior\ShowPageTraceBehavior [ RunTime:0.000594s ]
INFO: [ app_end ] --END-- [ RunTime:0.000643s ]

[ 2017-11-13T17:26:31+08:00 ] 127.0.0.1 /index.php
INFO: [ app_init ] --START--
INFO: Run Behavior\BuildLiteBehavior [ RunTime:0.000015s ]
INFO: [ app_init ] --END-- [ RunTime:0.000634s ]
INFO: [ app_begin ] --START--
INFO: Run Behavior\ReadHtmlCacheBehavior [ RunTime:0.000579s ]
INFO: [ app_begin ] --END-- [ RunTime:0.000643s ]
NOTIC: [8] Trying to get property of non-object D:\www\weixin-project.com\ThinkPHP\Library\Vendor\wechat\build\Message.php 第 23 行.
NOTIC: [8] Trying to get property of non-object D:\www\weixin-project.com\ThinkPHP\Library\Vendor\wechat\build\Message.php 第 23 行.
INFO: [ app_end ] --START--
INFO: Run Behavior\ShowPageTraceBehavior [ RunTime:0.000701s ]
INFO: [ app_end ] --END-- [ RunTime:0.000762s ]

[ 2017-11-13T17:26:37+08:00 ] 127.0.0.1 /index.php
INFO: [ app_init ] --START--
INFO: Run Behavior\BuildLiteBehavior [ RunTime:0.000014s ]
INFO: [ app_init ] --END-- [ RunTime:0.000549s ]
INFO: [ app_begin ] --START--
INFO: Run Behavior\ReadHtmlCacheBehavior [ RunTime:0.000587s ]
INFO: [ app_begin ] --END-- [ RunTime:0.000630s ]
NOTIC: [8] Trying to get property of non-object D:\www\weixin-project.com\ThinkPHP\Library\Vendor\wechat\build\Message.php 第 23 行.
NOTIC: [8] Trying to get property of non-object D:\www\weixin-project.com\ThinkPHP\Library\Vendor\wechat\build\Message.php 第 23 行.
INFO: [ app_end ] --START--
INFO: Run Behavior\ShowPageTraceBehavior [ RunTime:0.000792s ]
INFO: [ app_end ] --END-- [ RunTime:0.000856s ]

[ 2017-11-13T17:26:38+08:00 ] 127.0.0.1 /index.php
INFO: [ app_init ] --START--
INFO: Run Behavior\BuildLiteBehavior [ RunTime:0.000012s ]
INFO: [ app_init ] --END-- [ RunTime:0.000381s ]
INFO: [ app_begin ] --START--
INFO: Run Behavior\ReadHtmlCacheBehavior [ RunTime:0.000451s ]
INFO: [ app_begin ] --END-- [ RunTime:0.000492s ]
NOTIC: [8] Trying to get property of non-object D:\www\weixin-project.com\ThinkPHP\Library\Vendor\wechat\build\Message.php 第 23 行.
NOTIC: [8] Trying to get property of non-object D:\www\weixin-project.com\ThinkPHP\Library\Vendor\wechat\build\Message.php 第 23 行.
INFO: [ app_end ] --START--
INFO: Run Behavior\ShowPageTraceBehavior [ RunTime:0.000492s ]
INFO: [ app_end ] --END-- [ RunTime:0.000534s ]

[ 2017-11-13T17:26:38+08:00 ] 127.0.0.1 /index.php
INFO: [ app_init ] --START--
INFO: Run Behavior\BuildLiteBehavior [ RunTime:0.000012s ]
INFO: [ app_init ] --END-- [ RunTime:0.000400s ]
INFO: [ app_begin ] --START--
INFO: Run Behavior\ReadHtmlCacheBehavior [ RunTime:0.000464s ]
INFO: [ app_begin ] --END-- [ RunTime:0.000512s ]
NOTIC: [8] Trying to get property of non-object D:\www\weixin-project.com\ThinkPHP\Library\Vendor\wechat\build\Message.php 第 23 行.
NOTIC: [8] Trying to get property of non-object D:\www\weixin-project.com\ThinkPHP\Library\Vendor\wechat\build\Message.php 第 23 行.
INFO: [ app_end ] --START--
INFO: Run Behavior\ShowPageTraceBehavior [ RunTime:0.000478s ]
INFO: [ app_end ] --END-- [ RunTime:0.000524s ]

[ 2017-11-13T17:26:39+08:00 ] 127.0.0.1 /index.php
INFO: [ app_init ] --START--
INFO: Run Behavior\BuildLiteBehavior [ RunTime:0.000012s ]
INFO: [ app_init ] --END-- [ RunTime:0.000444s ]
INFO: [ app_begin ] --START--
INFO: Run Behavior\ReadHtmlCacheBehavior [ RunTime:0.000474s ]
INFO: [ app_begin ] --END-- [ RunTime:0.000519s ]
NOTIC: [8] Trying to get property of non-object D:\www\weixin-project.com\ThinkPHP\Library\Vendor\wechat\build\Message.php 第 23 行.
NOTIC: [8] Trying to get property of non-object D:\www\weixin-project.com\ThinkPHP\Library\Vendor\wechat\build\Message.php 第 23 行.
INFO: [ app_end ] --START--
INFO: Run Behavior\ShowPageTraceBehavior [ RunTime:0.000460s ]
INFO: [ app_end ] --END-- [ RunTime:0.000499s ]

[ 2017-11-13T17:26:39+08:00 ] 127.0.0.1 /index.php
INFO: [ app_init ] --START--
INFO: Run Behavior\BuildLiteBehavior [ RunTime:0.000011s ]
INFO: [ app_init ] --END-- [ RunTime:0.000391s ]
INFO: [ app_begin ] --START--
INFO: Run Behavior\ReadHtmlCacheBehavior [ RunTime:0.000441s ]
INFO: [ app_begin ] --END-- [ RunTime:0.000482s ]
NOTIC: [8] Trying to get property of non-object D:\www\weixin-project.com\ThinkPHP\Library\Vendor\wechat\build\Message.php 第 23 行.
NOTIC: [8] Trying to get property of non-object D:\www\weixin-project.com\ThinkPHP\Library\Vendor\wechat\build\Message.php 第 23 行.
INFO: [ app_end ] --START--
INFO: Run Behavior\ShowPageTraceBehavior [ RunTime:0.000536s ]
INFO: [ app_end ] --END-- [ RunTime:0.000583s ]

[ 2017-11-13T17:26:56+08:00 ] 127.0.0.1 /index.php
INFO: [ app_init ] --START--
INFO: Run Behavior\BuildLiteBehavior [ RunTime:0.000014s ]
INFO: [ app_init ] --END-- [ RunTime:0.000621s ]
INFO: [ app_begin ] --START--
INFO: Run Behavior\ReadHtmlCacheBehavior [ RunTime:0.000618s ]
INFO: [ app_begin ] --END-- [ RunTime:0.000661s ]
INFO: [ app_end ] --START--
INFO: Run Behavior\ShowPageTraceBehavior [ RunTime:0.000624s ]
INFO: [ app_end ] --END-- [ RunTime:0.000675s ]

[ 2017-11-13T17:26:57+08:00 ] 127.0.0.1 /index.php
INFO: [ app_init ] --START--
INFO: Run Behavior\BuildLiteBehavior [ RunTime:0.000021s ]
INFO: [ app_init ] --END-- [ RunTime:0.000413s ]
INFO: [ app_begin ] --START--
INFO: Run Behavior\ReadHtmlCacheBehavior [ RunTime:0.000466s ]
INFO: [ app_begin ] --END-- [ RunTime:0.000508s ]
INFO: [ app_end ] --START--
INFO: Run Behavior\ShowPageTraceBehavior [ RunTime:0.000560s ]
INFO: [ app_end ] --END-- [ RunTime:0.000621s ]

[ 2017-11-13T17:27:05+08:00 ] 127.0.0.1 /index.php
INFO: [ app_init ] --START--
INFO: Run Behavior\BuildLiteBehavior [ RunTime:0.000014s ]
INFO: [ app_init ] --END-- [ RunTime:0.000505s ]
INFO: [ app_begin ] --START--
INFO: Run Behavior\ReadHtmlCacheBehavior [ RunTime:0.000659s ]
INFO: [ app_begin ] --END-- [ RunTime:0.000703s ]
NOTIC: [8] Trying to get property of non-object D:\www\weixin-project.com\ThinkPHP\Library\Vendor\wechat\build\Message.php 第 23 行.
NOTIC: [8] Trying to get property of non-object D:\www\weixin-project.com\ThinkPHP\Library\Vendor\wechat\build\Message.php 第 23 行.
INFO: [ app_end ] --START--
INFO: Run Behavior\ShowPageTraceBehavior [ RunTime:0.000613s ]
INFO: [ app_end ] --END-- [ RunTime:0.000653s ]

[ 2017-11-13T17:27:08+08:00 ] 127.0.0.1 /index.php
INFO: [ app_init ] --START--
INFO: Run Behavior\BuildLiteBehavior [ RunTime:0.000013s ]
INFO: [ app_init ] --END-- [ RunTime:0.000461s ]
INFO: [ app_begin ] --START--
INFO: Run Behavior\ReadHtmlCacheBehavior [ RunTime:0.000753s ]
INFO: [ app_begin ] --END-- [ RunTime:0.000815s ]
NOTIC: [8] Trying to get property of non-object D:\www\weixin-project.com\ThinkPHP\Library\Vendor\wechat\build\Message.php 第 23 行.
NOTIC: [8] Trying to get property of non-object D:\www\weixin-project.com\ThinkPHP\Library\Vendor\wechat\build\Message.php 第 23 行.
INFO: [ app_end ] --START--
INFO: Run Behavior\ShowPageTraceBehavior [ RunTime:0.000704s ]
INFO: [ app_end ] --END-- [ RunTime:0.000768s ]

[ 2017-11-13T22:50:00+08:00 ] 127.0.0.1 /index.php?c=index&a=createButton
INFO: [ app_init ] --START--
INFO: Run Behavior\BuildLiteBehavior [ RunTime:0.000011s ]
INFO: [ app_init ] --END-- [ RunTime:0.000488s ]
INFO: [ app_begin ] --START--
INFO: Run Behavior\ReadHtmlCacheBehavior [ RunTime:0.000860s ]
INFO: [ app_begin ] --END-- [ RunTime:0.001020s ]
INFO: [ app_end ] --START--
INFO: Run Behavior\ShowPageTraceBehavior [ RunTime:0.000911s ]
INFO: [ app_end ] --END-- [ RunTime:0.001050s ]

[ 2017-11-13T22:50:06+08:00 ] 127.0.0.1 /index.php?c=index&a=create_button
INFO: [ app_init ] --START--
INFO: Run Behavior\BuildLiteBehavior [ RunTime:0.000018s ]
INFO: [ app_init ] --END-- [ RunTime:0.000523s ]
INFO: [ app_begin ] --START--
INFO: Run Behavior\ReadHtmlCacheBehavior [ RunTime:0.000487s ]
INFO: [ app_begin ] --END-- [ RunTime:0.000534s ]
ERR: 非法操作:create_button

[ 2017-11-13T22:50:09+08:00 ] 127.0.0.1 /index.php?c=index&a=createbutton
INFO: [ app_init ] --START--
INFO: Run Behavior\BuildLiteBehavior [ RunTime:0.000012s ]
INFO: [ app_init ] --END-- [ RunTime:0.000469s ]
INFO: [ app_begin ] --START--
INFO: Run Behavior\ReadHtmlCacheBehavior [ RunTime:0.000551s ]
INFO: [ app_begin ] --END-- [ RunTime:0.000599s ]
INFO: [ app_end ] --START--
INFO: Run Behavior\ShowPageTraceBehavior [ RunTime:0.000813s ]
INFO: [ app_end ] --END-- [ RunTime:0.000894s ]

[ 2017-11-13T22:50:12+08:00 ] 127.0.0.1 /index.php?c=index&a=createbutton
INFO: [ app_init ] --START--
INFO: Run Behavior\BuildLiteBehavior [ RunTime:0.000023s ]
INFO: [ app_init ] --END-- [ RunTime:0.000584s ]
INFO: [ app_begin ] --START--
INFO: Run Behavior\ReadHtmlCacheBehavior [ RunTime:0.000506s ]
INFO: [ app_begin ] --END-- [ RunTime:0.000553s ]
INFO: [ app_end ] --START--
INFO: Run Behavior\ShowPageTraceBehavior [ RunTime:0.000688s ]
INFO: [ app_end ] --END-- [ RunTime:0.000752s ]

[ 2017-11-13T22:50:17+08:00 ] 127.0.0.1 /index.php?c=index&a=createbutton
INFO: [ app_init ] --START--
INFO: Run Behavior\BuildLiteBehavior [ RunTime:0.000013s ]
INFO: [ app_init ] --END-- [ RunTime:0.000481s ]
INFO: [ app_begin ] --START--
INFO: Run Behavior\ReadHtmlCacheBehavior [ RunTime:0.000511s ]
INFO: [ app_begin ] --END-- [ RunTime:0.000558s ]
INFO: [ app_end ] --START--
INFO: Run Behavior\ShowPageTraceBehavior [ RunTime:0.000695s ]
INFO: [ app_end ] --END-- [ RunTime:0.000789s ]

[ 2017-11-13T23:35:31+08:00 ] 127.0.0.1 /index.php?c=CreateButton
ERR: 无法加载控制器:CreateButton

[ 2017-11-13T23:35:47+08:00 ] 127.0.0.1 /index.php?c=create_button
ERR: 无法加载控制器:CreateButton

[ 2017-11-13T23:35:50+08:00 ] 127.0.0.1 /index.php?c=create_button
ERR: 无法加载控制器:CreateButton

[ 2017-11-13T23:35:50+08:00 ] 127.0.0.1 /index.php?c=create_button
ERR: 无法加载控制器:CreateButton

[ 2017-11-13T23:36:00+08:00 ] 127.0.0.1 /index.php?c=createButton
ERR: 无法加载控制器:CreateButton

[ 2017-11-13T23:36:04+08:00 ] 127.0.0.1 /index.php?c=createButton
ERR: 无法加载控制器:CreateButton

[ 2017-11-13T23:37:39+08:00 ] 127.0.0.1 /index.php?c=createButton
ERR: 无法加载控制器:CreateButton

[ 2017-11-13T23:37:46+08:00 ] 127.0.0.1 /index.php?c=create_button
ERR: 无法加载控制器:CreateButton

[ 2017-11-13T23:37:48+08:00 ] 127.0.0.1 /index.php?c=create_button
ERR: 无法加载控制器:CreateButton

[ 2017-11-13T23:37:50+08:00 ] 127.0.0.1 /index.php?c=create_button
ERR: 无法加载控制器:CreateButton

[ 2017-11-13T23:37:50+08:00 ] 127.0.0.1 /index.php?c=create_button
ERR: 无法加载控制器:CreateButton

[ 2017-11-13T23:37:50+08:00 ] 127.0.0.1 /index.php?c=create_button
ERR: 无法加载控制器:CreateButton

[ 2017-11-13T23:37:58+08:00 ] 127.0.0.1 /index.php?c=CreateButton
ERR: 无法加载控制器:CreateButton

[ 2017-11-13T23:38:02+08:00 ] 127.0.0.1 /index.php?c=createButton
ERR: 无法加载控制器:CreateButton

[ 2017-11-13T23:38:06+08:00 ] 127.0.0.1 /index.php?c=createbutton
ERR: 无法加载控制器:Createbutton

[ 2017-11-13T23:38:11+08:00 ] 127.0.0.1 /index.php?c=create_button
ERR: 无法加载控制器:CreateButton

[ 2017-11-13T23:38:13+08:00 ] 127.0.0.1 /index.php?c=create_button
ERR: 无法加载控制器:CreateButton

[ 2017-11-13T23:38:13+08:00 ] 127.0.0.1 /index.php?c=create_button
ERR: 无法加载控制器:CreateButton

[ 2017-11-13T23:38:13+08:00 ] 127.0.0.1 /index.php?c=create_button
ERR: 无法加载控制器:CreateButton

[ 2017-11-13T23:38:13+08:00 ] 127.0.0.1 /index.php?c=create_button
ERR: 无法加载控制器:CreateButton

[ 2017-11-13T23:39:03+08:00 ] 127.0.0.1 /index.php?c=create_button
ERR: 无法加载控制器:CreateButton

[ 2017-11-13T23:39:04+08:00 ] 127.0.0.1 /index.php?c=create_button
ERR: 无法加载控制器:CreateButton

[ 2017-11-13T23:40:43+08:00 ] 127.0.0.1 /index.php?c=index&a=createbutton
INFO: [ app_init ] --START--
INFO: Run Behavior\BuildLiteBehavior [ RunTime:0.000012s ]
INFO: [ app_init ] --END-- [ RunTime:0.000743s ]
INFO: [ app_begin ] --START--
INFO: Run Behavior\ReadHtmlCacheBehavior [ RunTime:0.000709s ]
INFO: [ app_begin ] --END-- [ RunTime:0.000752s ]

[ 2017-11-13T23:40:59+08:00 ] 127.0.0.1 /index.php?c=index&a=createbutton
INFO: [ app_init ] --START--
INFO: Run Behavior\BuildLiteBehavior [ RunTime:0.000012s ]
INFO: [ app_init ] --END-- [ RunTime:0.000402s ]
INFO: [ app_begin ] --START--
INFO: Run Behavior\ReadHtmlCacheBehavior [ RunTime:0.000685s ]
INFO: [ app_begin ] --END-- [ RunTime:0.000726s ]
INFO: [ app_end ] --START--
INFO: Run Behavior\ShowPageTraceBehavior [ RunTime:0.000755s ]
INFO: [ app_end ] --END-- [ RunTime:0.000802s ]

[ 2017-11-13T23:41:40+08:00 ] 127.0.0.1 /index.php?m=home&c=create_butto
ERR: 无法加载控制器:CreateButto

[ 2017-11-13T23:41:42+08:00 ] 127.0.0.1 /index.php?m=home&c=create_butto
ERR: 无法加载控制器:CreateButto

[ 2017-11-13T23:41:43+08:00 ] 127.0.0.1 /index.php?m=home&c=create_butto
ERR: 无法加载控制器:CreateButto

[ 2017-11-13T23:41:45+08:00 ] 127.0.0.1 /index.php?m=home&c=create_butto
ERR: 无法加载控制器:CreateButto

[ 2017-11-13T23:42:03+08:00 ] 127.0.0.1 /index.php?m=home&c=create_button
ERR: 无法加载控制器:CreateButton

[ 2017-11-13T23:42:05+08:00 ] 127.0.0.1 /index.php?m=home&c=create_button
ERR: 无法加载控制器:CreateButton

[ 2017-11-13T23:42:06+08:00 ] 127.0.0.1 /index.php?m=home&c=create_button
ERR: 无法加载控制器:CreateButton

[ 2017-11-13T23:42:07+08:00 ] 127.0.0.1 /index.php?m=home&c=create_button
ERR: 无法加载控制器:CreateButton

[ 2017-11-13T23:42:08+08:00 ] 127.0.0.1 /index.php?m=home&c=create_button
ERR: 无法加载控制器:CreateButton

[ 2017-11-13T23:42:16+08:00 ] 127.0.0.1 /index.php?m=home&c=create_button
ERR: 无法加载控制器:CreateButton

[ 2017-11-13T23:42:31+08:00 ] 127.0.0.1 /index.php?m=home&c=create_button
INFO: [ app_init ] --START--
INFO: Run Behavior\BuildLiteBehavior [ RunTime:0.000012s ]
INFO: [ app_init ] --END-- [ RunTime:0.000626s ]
INFO: [ app_begin ] --START--
INFO: Run Behavior\ReadHtmlCacheBehavior [ RunTime:0.000650s ]
INFO: [ app_begin ] --END-- [ RunTime:0.000716s ]
ERR: 无法加载控制器:Create_button

[ 2017-11-13T23:43:01+08:00 ] 127.0.0.1 /index.php?m=home&c=createbutton
INFO: [ app_init ] --START--
INFO: Run Behavior\BuildLiteBehavior [ RunTime:0.000017s ]
INFO: [ app_init ] --END-- [ RunTime:0.000436s ]
INFO: [ app_begin ] --START--
INFO: Run Behavior\ReadHtmlCacheBehavior [ RunTime:0.000479s ]
INFO: [ app_begin ] --END-- [ RunTime:0.000524s ]
ERR: 无法加载控制器:Createbutton

[ 2017-11-13T23:43:08+08:00 ] 127.0.0.1 /index.php?m=home&c=createButton
INFO: [ app_init ] --START--
INFO: Run Behavior\BuildLiteBehavior [ RunTime:0.000013s ]
INFO: [ app_init ] --END-- [ RunTime:0.000423s ]
INFO: [ app_begin ] --START--
INFO: Run Behavior\ReadHtmlCacheBehavior [ RunTime:0.000528s ]
INFO: [ app_begin ] --END-- [ RunTime:0.000589s ]
ERR: 无法加载控制器:CreateButton

[ 2017-11-13T23:43:11+08:00 ] 127.0.0.1 /index.php?m=home&c=createButton
INFO: [ app_init ] --START--
INFO: Run Behavior\BuildLiteBehavior [ RunTime:0.000018s ]
INFO: [ app_init ] --END-- [ RunTime:0.000542s ]
INFO: [ app_begin ] --START--
INFO: Run Behavior\ReadHtmlCacheBehavior [ RunTime:0.000635s ]
INFO: [ app_begin ] --END-- [ RunTime:0.000684s ]
ERR: 无法加载控制器:CreateButton

[ 2017-11-13T23:43:12+08:00 ] 127.0.0.1 /index.php?m=home&c=createButton
INFO: [ app_init ] --START--
INFO: Run Behavior\BuildLiteBehavior [ RunTime:0.000014s ]
INFO: [ app_init ] --END-- [ RunTime:0.000488s ]
INFO: [ app_begin ] --START--
INFO: Run Behavior\ReadHtmlCacheBehavior [ RunTime:0.000731s ]
INFO: [ app_begin ] --END-- [ RunTime:0.000800s ]
ERR: 无法加载控制器:CreateButton

[ 2017-11-13T23:43:12+08:00 ] 127.0.0.1 /index.php?m=home&c=createButton
INFO: [ app_init ] --START--
INFO: Run Behavior\BuildLiteBehavior [ RunTime:0.000017s ]
INFO: [ app_init ] --END-- [ RunTime:0.001044s ]
INFO: [ app_begin ] --START--
INFO: Run Behavior\ReadHtmlCacheBehavior [ RunTime:0.000678s ]
INFO: [ app_begin ] --END-- [ RunTime:0.000743s ]
ERR: 无法加载控制器:CreateButton

[ 2017-11-13T23:44:16+08:00 ] 127.0.0.1 /index.php?m=home&c=createButton
INFO: [ app_init ] --START--
INFO: Run Behavior\BuildLiteBehavior [ RunTime:0.000061s ]
INFO: [ app_init ] --END-- [ RunTime:0.000642s ]
INFO: [ app_begin ] --START--
INFO: Run Behavior\ReadHtmlCacheBehavior [ RunTime:0.000656s ]
INFO: [ app_begin ] --END-- [ RunTime:0.000737s ]
INFO: [ app_end ] --START--
INFO: Run Behavior\ShowPageTraceBehavior [ RunTime:0.000742s ]
INFO: [ app_end ] --END-- [ RunTime:0.000789s ]

[ 2017-11-13T23:44:23+08:00 ] 127.0.0.1 /index.php?m=home&c=create_button
INFO: [ app_init ] --START--
INFO: Run Behavior\BuildLiteBehavior [ RunTime:0.000012s ]
INFO: [ app_init ] --END-- [ RunTime:0.000434s ]
INFO: [ app_begin ] --START--
INFO: Run Behavior\ReadHtmlCacheBehavior [ RunTime:0.000608s ]
INFO: [ app_begin ] --END-- [ RunTime:0.000658s ]
INFO: [ app_end ] --START--
INFO: Run Behavior\ShowPageTraceBehavior [ RunTime:0.001058s ]
INFO: [ app_end ] --END-- [ RunTime:0.001134s ]

[ 2017-11-13T23:44:24+08:00 ] 127.0.0.1 /index.php?m=home&c=create_button
INFO: [ app_init ] --START--
INFO: Run Behavior\BuildLiteBehavior [ RunTime:0.000025s ]
INFO: [ app_init ] --END-- [ RunTime:0.000644s ]
INFO: [ app_begin ] --START--
INFO: Run Behavior\ReadHtmlCacheBehavior [ RunTime:0.000631s ]
INFO: [ app_begin ] --END-- [ RunTime:0.000672s ]
INFO: [ app_end ] --START--
INFO: Run Behavior\ShowPageTraceBehavior [ RunTime:0.000707s ]
INFO: [ app_end ] --END-- [ RunTime:0.000765s ]

[ 2017-11-13T23:44:25+08:00 ] 127.0.0.1 /index.php?m=home&c=create_button
INFO: [ app_init ] --START--
INFO: Run Behavior\BuildLiteBehavior [ RunTime:0.000011s ]
INFO: [ app_init ] --END-- [ RunTime:0.000380s ]
INFO: [ app_begin ] --START--
INFO: Run Behavior\ReadHtmlCacheBehavior [ RunTime:0.000620s ]
INFO: [ app_begin ] --END-- [ RunTime:0.000668s ]
INFO: [ app_end ] --START--
INFO: Run Behavior\ShowPageTraceBehavior [ RunTime:0.000535s ]
INFO: [ app_end ] --END-- [ RunTime:0.000586s ]

[ 2017-11-13T23:52:20+08:00 ] 127.0.0.1 /index.php?m=home&c=create_button
INFO: [ app_init ] --START--
INFO: Run Behavior\BuildLiteBehavior [ RunTime:0.000012s ]
INFO: [ app_init ] --END-- [ RunTime:0.000534s ]
INFO: [ app_begin ] --START--
INFO: Run Behavior\ReadHtmlCacheBehavior [ RunTime:0.000656s ]
INFO: [ app_begin ] --END-- [ RunTime:0.000698s ]

[ 2017-11-13T23:54:30+08:00 ] 127.0.0.1 /index.php?m=home&c=create_button
INFO: [ app_init ] --START--
INFO: Run Behavior\BuildLiteBehavior [ RunTime:0.000011s ]
INFO: [ app_init ] --END-- [ RunTime:0.000555s ]
INFO: [ app_begin ] --START--
INFO: Run Behavior\ReadHtmlCacheBehavior [ RunTime:0.000670s ]
INFO: [ app_begin ] --END-- [ RunTime:0.000723s ]
INFO: [ app_end ] --START--
INFO: Run Behavior\ShowPageTraceBehavior [ RunTime:0.002018s ]
INFO: [ app_end ] --END-- [ RunTime:0.002081s ]

[ 2017-11-13T23:54:30+08:00 ] 127.0.0.1 /index.php?m=home&c=create_button
INFO: [ app_init ] --START--
INFO: Run Behavior\BuildLiteBehavior [ RunTime:0.000020s ]
INFO: [ app_init ] --END-- [ RunTime:0.000597s ]
INFO: [ app_begin ] --START--
INFO: Run Behavior\ReadHtmlCacheBehavior [ RunTime:0.000636s ]
INFO: [ app_begin ] --END-- [ RunTime:0.000696s ]
INFO: [ app_end ] --START--
INFO: Run Behavior\ShowPageTraceBehavior [ RunTime:0.000698s ]
INFO: [ app_end ] --END-- [ RunTime:0.000772s ]

